deploy	Set up job	﻿2026-01-18T04:05:11.5538033Z Current runner version: '2.331.0'
deploy	Set up job	2026-01-18T04:05:11.5561850Z ##[group]Runner Image Provisioner
deploy	Set up job	2026-01-18T04:05:11.5562739Z Hosted Compute Agent
deploy	Set up job	2026-01-18T04:05:11.5563315Z Version: 20251211.462
deploy	Set up job	2026-01-18T04:05:11.5564019Z Commit: 6cbad8c2bb55d58165063d031ccabf57e2d2db61
deploy	Set up job	2026-01-18T04:05:11.5564739Z Build Date: 2025-12-11T16:28:49Z
deploy	Set up job	2026-01-18T04:05:11.5565365Z Worker ID: {6b3b0e82-e95e-4a7e-9b53-5c485a9a4ff3}
deploy	Set up job	2026-01-18T04:05:11.5566138Z ##[endgroup]
deploy	Set up job	2026-01-18T04:05:11.5566652Z ##[group]Operating System
deploy	Set up job	2026-01-18T04:05:11.5567317Z Ubuntu
deploy	Set up job	2026-01-18T04:05:11.5567841Z 24.04.3
deploy	Set up job	2026-01-18T04:05:11.5568293Z LTS
deploy	Set up job	2026-01-18T04:05:11.5568710Z ##[endgroup]
deploy	Set up job	2026-01-18T04:05:11.5569280Z ##[group]Runner Image
deploy	Set up job	2026-01-18T04:05:11.5569815Z Image: ubuntu-24.04
deploy	Set up job	2026-01-18T04:05:11.5570308Z Version: 20260111.209.1
deploy	Set up job	2026-01-18T04:05:11.5571338Z Included Software: https://github.com/actions/runner-images/blob/ubuntu24/20260111.209/images/ubuntu/Ubuntu2404-Readme.md
deploy	Set up job	2026-01-18T04:05:11.5572721Z Image Release: https://github.com/actions/runner-images/releases/tag/ubuntu24%2F20260111.209
deploy	Set up job	2026-01-18T04:05:11.5573943Z ##[endgroup]
deploy	Set up job	2026-01-18T04:05:11.5575001Z ##[group]GITHUB_TOKEN Permissions
deploy	Set up job	2026-01-18T04:05:11.5576991Z Contents: read
deploy	Set up job	2026-01-18T04:05:11.5577708Z Metadata: read
deploy	Set up job	2026-01-18T04:05:11.5578237Z Packages: read
deploy	Set up job	2026-01-18T04:05:11.5578842Z ##[endgroup]
deploy	Set up job	2026-01-18T04:05:11.5580884Z Secret source: Actions
deploy	Set up job	2026-01-18T04:05:11.5581578Z Prepare workflow directory
deploy	Set up job	2026-01-18T04:05:11.5915223Z Prepare all required actions
deploy	Set up job	2026-01-18T04:05:11.5972572Z Getting action download info
deploy	Set up job	2026-01-18T04:05:12.0117294Z Download action repository 'actions/checkout@v3' (SHA:f43a0e5ff2bd294095638e18286ca9a3d1956744)
deploy	Set up job	2026-01-18T04:05:12.1483925Z Download action repository 'ayeressian/bunnycdn-storage-deploy@v2.2.5' (SHA:09ef6b87542c012f56c7f548b5966e1ea2f9099e)
deploy	Set up job	2026-01-18T04:05:12.8126488Z Complete job name: deploy
deploy	Run actions/checkout@v3	﻿2026-01-18T04:05:12.8797259Z ##[group]Run actions/checkout@v3
deploy	Run actions/checkout@v3	2026-01-18T04:05:12.8798132Z with:
deploy	Run actions/checkout@v3	2026-01-18T04:05:12.8798593Z   repository: stevenraykelly-arch/mr-home-assist
deploy	Run actions/checkout@v3	2026-01-18T04:05:12.8799345Z   token: ***
deploy	Run actions/checkout@v3	2026-01-18T04:05:12.8799730Z   ssh-strict: true
deploy	Run actions/checkout@v3	2026-01-18T04:05:12.8800148Z   persist-credentials: true
deploy	Run actions/checkout@v3	2026-01-18T04:05:12.8800591Z   clean: true
deploy	Run actions/checkout@v3	2026-01-18T04:05:12.8800984Z   sparse-checkout-cone-mode: true
deploy	Run actions/checkout@v3	2026-01-18T04:05:12.8801465Z   fetch-depth: 1
deploy	Run actions/checkout@v3	2026-01-18T04:05:12.8801848Z   fetch-tags: false
deploy	Run actions/checkout@v3	2026-01-18T04:05:12.8802232Z   lfs: false
deploy	Run actions/checkout@v3	2026-01-18T04:05:12.8802595Z   submodules: false
deploy	Run actions/checkout@v3	2026-01-18T04:05:12.8802989Z   set-safe-directory: true
deploy	Run actions/checkout@v3	2026-01-18T04:05:12.8803634Z ##[endgroup]
deploy	Run actions/checkout@v3	2026-01-18T04:05:12.9637850Z Syncing repository: stevenraykelly-arch/mr-home-assist
deploy	Run actions/checkout@v3	2026-01-18T04:05:12.9639679Z ##[group]Getting Git version info
deploy	Run actions/checkout@v3	2026-01-18T04:05:12.9640427Z Working directory is '/home/runner/work/mr-home-assist/mr-home-assist'
deploy	Run actions/checkout@v3	2026-01-18T04:05:12.9641432Z [command]/usr/bin/git version
deploy	Run actions/checkout@v3	2026-01-18T04:05:12.9706586Z git version 2.52.0
deploy	Run actions/checkout@v3	2026-01-18T04:05:12.9733640Z ##[endgroup]
deploy	Run actions/checkout@v3	2026-01-18T04:05:12.9750158Z Temporarily overriding HOME='/home/runner/work/_temp/7f5a1ac4-1277-4ba7-b706-0fcf0645c78c' before making global git config changes
deploy	Run actions/checkout@v3	2026-01-18T04:05:12.9752572Z Adding repository directory to the temporary git global config as a safe directory
deploy	Run actions/checkout@v3	2026-01-18T04:05:12.9754645Z [command]/usr/bin/git config --global --add safe.directory /home/runner/work/mr-home-assist/mr-home-assist
deploy	Run actions/checkout@v3	2026-01-18T04:05:12.9792902Z Deleting the contents of '/home/runner/work/mr-home-assist/mr-home-assist'
deploy	Run actions/checkout@v3	2026-01-18T04:05:12.9797007Z ##[group]Initializing the repository
deploy	Run actions/checkout@v3	2026-01-18T04:05:12.9800666Z [command]/usr/bin/git init /home/runner/work/mr-home-assist/mr-home-assist
deploy	Run actions/checkout@v3	2026-01-18T04:05:12.9894800Z hint: Using 'master' as the name for the initial branch. This default branch name
deploy	Run actions/checkout@v3	2026-01-18T04:05:12.9896293Z hint: will change to "main" in Git 3.0. To configure the initial branch name
deploy	Run actions/checkout@v3	2026-01-18T04:05:12.9898173Z hint: to use in all of your new repositories, which will suppress this warning,
deploy	Run actions/checkout@v3	2026-01-18T04:05:12.9899636Z hint: call:
deploy	Run actions/checkout@v3	2026-01-18T04:05:12.9900582Z hint:
deploy	Run actions/checkout@v3	2026-01-18T04:05:12.9901423Z hint: 	git config --global init.defaultBranch <name>
deploy	Run actions/checkout@v3	2026-01-18T04:05:12.9902110Z hint:
deploy	Run actions/checkout@v3	2026-01-18T04:05:12.9902719Z hint: Names commonly chosen instead of 'master' are 'main', 'trunk' and
deploy	Run actions/checkout@v3	2026-01-18T04:05:12.9903668Z hint: 'development'. The just-created branch can be renamed via this command:
deploy	Run actions/checkout@v3	2026-01-18T04:05:12.9904418Z hint:
deploy	Run actions/checkout@v3	2026-01-18T04:05:12.9904806Z hint: 	git branch -m <name>
deploy	Run actions/checkout@v3	2026-01-18T04:05:12.9905393Z hint:
deploy	Run actions/checkout@v3	2026-01-18T04:05:12.9906371Z hint: Disable this message with "git config set advice.defaultBranchName false"
deploy	Run actions/checkout@v3	2026-01-18T04:05:12.9907772Z Initialized empty Git repository in /home/runner/work/mr-home-assist/mr-home-assist/.git/
deploy	Run actions/checkout@v3	2026-01-18T04:05:12.9909987Z [command]/usr/bin/git remote add origin https://github.com/stevenraykelly-arch/mr-home-assist
deploy	Run actions/checkout@v3	2026-01-18T04:05:12.9942068Z ##[endgroup]
deploy	Run actions/checkout@v3	2026-01-18T04:05:12.9942805Z ##[group]Disabling automatic garbage collection
deploy	Run actions/checkout@v3	2026-01-18T04:05:12.9944709Z [command]/usr/bin/git config --local gc.auto 0
deploy	Run actions/checkout@v3	2026-01-18T04:05:12.9970307Z ##[endgroup]
deploy	Run actions/checkout@v3	2026-01-18T04:05:12.9970983Z ##[group]Setting up auth
deploy	Run actions/checkout@v3	2026-01-18T04:05:12.9976622Z [command]/usr/bin/git config --local --name-only --get-regexp core\.sshCommand
deploy	Run actions/checkout@v3	2026-01-18T04:05:13.0003814Z [command]/usr/bin/git submodule foreach --recursive sh -c "git config --local --name-only --get-regexp 'core\.sshCommand' && git config --local --unset-all 'core.sshCommand' || :"
deploy	Run actions/checkout@v3	2026-01-18T04:05:13.0321619Z [command]/usr/bin/git config --local --name-only --get-regexp http\.https\:\/\/github\.com\/\.extraheader
deploy	Run actions/checkout@v3	2026-01-18T04:05:13.0349192Z [command]/usr/bin/git submodule foreach --recursive sh -c "git config --local --name-only --get-regexp 'http\.https\:\/\/github\.com\/\.extraheader' && git config --local --unset-all 'http.https://github.com/.extraheader' || :"
deploy	Run actions/checkout@v3	2026-01-18T04:05:13.0563438Z [command]/usr/bin/git config --local http.https://github.com/.extraheader AUTHORIZATION: basic ***
deploy	Run actions/checkout@v3	2026-01-18T04:05:13.0595821Z ##[endgroup]
deploy	Run actions/checkout@v3	2026-01-18T04:05:13.0597317Z ##[group]Fetching the repository
deploy	Run actions/checkout@v3	2026-01-18T04:05:13.0605477Z [command]/usr/bin/git -c protocol.version=2 fetch --no-tags --prune --progress --no-recurse-submodules --depth=1 origin +749272184373136d4b7db55b0ea0a8c139534ef6:refs/remotes/origin/main
deploy	Run actions/checkout@v3	2026-01-18T04:05:13.4026161Z remote: Enumerating objects: 149, done.        
deploy	Run actions/checkout@v3	2026-01-18T04:05:13.4029768Z remote: Counting objects:   0% (1/149)        
deploy	Run actions/checkout@v3	2026-01-18T04:05:13.4031082Z remote: Counting objects:   1% (2/149)        
deploy	Run actions/checkout@v3	2026-01-18T04:05:13.4032574Z remote: Counting objects:   2% (3/149)        
deploy	Run actions/checkout@v3	2026-01-18T04:05:13.4034444Z remote: Counting objects:   3% (5/149)        
deploy	Run actions/checkout@v3	2026-01-18T04:05:13.4035761Z remote: Counting objects:   4% (6/149)        
deploy	Run actions/checkout@v3	2026-01-18T04:05:13.4037019Z remote: Counting objects:   5% (8/149)        
deploy	Run actions/checkout@v3	2026-01-18T04:05:13.4038170Z remote: Counting objects:   6% (9/149)        
deploy	Run actions/checkout@v3	2026-01-18T04:05:13.4039791Z remote: Counting objects:   7% (11/149)        
deploy	Run actions/checkout@v3	2026-01-18T04:05:13.4041000Z remote: Counting objects:   8% (12/149)        
deploy	Run actions/checkout@v3	2026-01-18T04:05:13.4041811Z remote: Counting objects:   9% (14/149)        
deploy	Run actions/checkout@v3	2026-01-18T04:05:13.4042535Z remote: Counting objects:  10% (15/149)        
deploy	Run actions/checkout@v3	2026-01-18T04:05:13.4043228Z remote: Counting objects:  11% (17/149)        
deploy	Run actions/checkout@v3	2026-01-18T04:05:13.4043919Z remote: Counting objects:  12% (18/149)        
deploy	Run actions/checkout@v3	2026-01-18T04:05:13.4044750Z remote: Counting objects:  13% (20/149)        
deploy	Run actions/checkout@v3	2026-01-18T04:05:13.4045464Z remote: Counting objects:  14% (21/149)        
deploy	Run actions/checkout@v3	2026-01-18T04:05:13.4046151Z remote: Counting objects:  15% (23/149)        
deploy	Run actions/checkout@v3	2026-01-18T04:05:13.4047031Z remote: Counting objects:  16% (24/149)        
deploy	Run actions/checkout@v3	2026-01-18T04:05:13.4047732Z remote: Counting objects:  17% (26/149)        
deploy	Run actions/checkout@v3	2026-01-18T04:05:13.4048405Z remote: Counting objects:  18% (27/149)        
deploy	Run actions/checkout@v3	2026-01-18T04:05:13.4049096Z remote: Counting objects:  19% (29/149)        
deploy	Run actions/checkout@v3	2026-01-18T04:05:13.4049773Z remote: Counting objects:  20% (30/149)        
deploy	Run actions/checkout@v3	2026-01-18T04:05:13.4050468Z remote: Counting objects:  21% (32/149)        
deploy	Run actions/checkout@v3	2026-01-18T04:05:13.4051138Z remote: Counting objects:  22% (33/149)        
deploy	Run actions/checkout@v3	2026-01-18T04:05:13.4052069Z remote: Counting objects:  23% (35/149)        
deploy	Run actions/checkout@v3	2026-01-18T04:05:13.4052709Z remote: Counting objects:  24% (36/149)        
deploy	Run actions/checkout@v3	2026-01-18T04:05:13.4053343Z remote: Counting objects:  25% (38/149)        
deploy	Run actions/checkout@v3	2026-01-18T04:05:13.4053975Z remote: Counting objects:  26% (39/149)        
deploy	Run actions/checkout@v3	2026-01-18T04:05:13.4054601Z remote: Counting objects:  27% (41/149)        
deploy	Run actions/checkout@v3	2026-01-18T04:05:13.4055307Z remote: Counting objects:  28% (42/149)        
deploy	Run actions/checkout@v3	2026-01-18T04:05:13.4055969Z remote: Counting objects:  29% (44/149)        
deploy	Run actions/checkout@v3	2026-01-18T04:05:13.4056650Z remote: Counting objects:  30% (45/149)        
deploy	Run actions/checkout@v3	2026-01-18T04:05:13.4057526Z remote: Counting objects:  31% (47/149)        
deploy	Run actions/checkout@v3	2026-01-18T04:05:13.4058166Z remote: Counting objects:  32% (48/149)        
deploy	Run actions/checkout@v3	2026-01-18T04:05:13.4058792Z remote: Counting objects:  33% (50/149)        
deploy	Run actions/checkout@v3	2026-01-18T04:05:13.4059414Z remote: Counting objects:  34% (51/149)        
deploy	Run actions/checkout@v3	2026-01-18T04:05:13.4060045Z remote: Counting objects:  35% (53/149)        
deploy	Run actions/checkout@v3	2026-01-18T04:05:13.4060687Z remote: Counting objects:  36% (54/149)        
deploy	Run actions/checkout@v3	2026-01-18T04:05:13.4061323Z remote: Counting objects:  37% (56/149)        
deploy	Run actions/checkout@v3	2026-01-18T04:05:13.4061952Z remote: Counting objects:  38% (57/149)        
deploy	Run actions/checkout@v3	2026-01-18T04:05:13.4062586Z remote: Counting objects:  39% (59/149)        
deploy	Run actions/checkout@v3	2026-01-18T04:05:13.4063232Z remote: Counting objects:  40% (60/149)        
deploy	Run actions/checkout@v3	2026-01-18T04:05:13.4063860Z remote: Counting objects:  41% (62/149)        
deploy	Run actions/checkout@v3	2026-01-18T04:05:13.4064486Z remote: Counting objects:  42% (63/149)        
deploy	Run actions/checkout@v3	2026-01-18T04:05:13.4065097Z remote: Counting objects:  43% (65/149)        
deploy	Run actions/checkout@v3	2026-01-18T04:05:13.4065719Z remote: Counting objects:  44% (66/149)        
deploy	Run actions/checkout@v3	2026-01-18T04:05:13.4066343Z remote: Counting objects:  45% (68/149)        
deploy	Run actions/checkout@v3	2026-01-18T04:05:13.4067200Z remote: Counting objects:  46% (69/149)        
deploy	Run actions/checkout@v3	2026-01-18T04:05:13.4067835Z remote: Counting objects:  47% (71/149)        
deploy	Run actions/checkout@v3	2026-01-18T04:05:13.4068715Z remote: Counting objects:  48% (72/149)        
deploy	Run actions/checkout@v3	2026-01-18T04:05:13.4069340Z remote: Counting objects:  49% (74/149)        
deploy	Run actions/checkout@v3	2026-01-18T04:05:13.4069964Z remote: Counting objects:  50% (75/149)        
deploy	Run actions/checkout@v3	2026-01-18T04:05:13.4071055Z remote: Counting objects:  51% (76/149)        
deploy	Run actions/checkout@v3	2026-01-18T04:05:13.4072191Z remote: Counting objects:  52% (78/149)        
deploy	Run actions/checkout@v3	2026-01-18T04:05:13.4073124Z remote: Counting objects:  53% (79/149)        
deploy	Run actions/checkout@v3	2026-01-18T04:05:13.4073747Z remote: Counting objects:  54% (81/149)        
deploy	Run actions/checkout@v3	2026-01-18T04:05:13.4074362Z remote: Counting objects:  55% (82/149)        
deploy	Run actions/checkout@v3	2026-01-18T04:05:13.4074972Z remote: Counting objects:  56% (84/149)        
deploy	Run actions/checkout@v3	2026-01-18T04:05:13.4075575Z remote: Counting objects:  57% (85/149)        
deploy	Run actions/checkout@v3	2026-01-18T04:05:13.4076183Z remote: Counting objects:  58% (87/149)        
deploy	Run actions/checkout@v3	2026-01-18T04:05:13.4077019Z remote: Counting objects:  59% (88/149)        
deploy	Run actions/checkout@v3	2026-01-18T04:05:13.4077660Z remote: Counting objects:  60% (90/149)        
deploy	Run actions/checkout@v3	2026-01-18T04:05:13.4078287Z remote: Counting objects:  61% (91/149)        
deploy	Run actions/checkout@v3	2026-01-18T04:05:13.4078925Z remote: Counting objects:  62% (93/149)        
deploy	Run actions/checkout@v3	2026-01-18T04:05:13.4079548Z remote: Counting objects:  63% (94/149)        
deploy	Run actions/checkout@v3	2026-01-18T04:05:13.4080177Z remote: Counting objects:  64% (96/149)        
deploy	Run actions/checkout@v3	2026-01-18T04:05:13.4080792Z remote: Counting objects:  65% (97/149)        
deploy	Run actions/checkout@v3	2026-01-18T04:05:13.4081403Z remote: Counting objects:  66% (99/149)        
deploy	Run actions/checkout@v3	2026-01-18T04:05:13.4082025Z remote: Counting objects:  67% (100/149)        
deploy	Run actions/checkout@v3	2026-01-18T04:05:13.4082647Z remote: Counting objects:  68% (102/149)        
deploy	Run actions/checkout@v3	2026-01-18T04:05:13.4083277Z remote: Counting objects:  69% (103/149)        
deploy	Run actions/checkout@v3	2026-01-18T04:05:13.4083906Z remote: Counting objects:  70% (105/149)        
deploy	Run actions/checkout@v3	2026-01-18T04:05:13.4084524Z remote: Counting objects:  71% (106/149)        
deploy	Run actions/checkout@v3	2026-01-18T04:05:13.4085145Z remote: Counting objects:  72% (108/149)        
deploy	Run actions/checkout@v3	2026-01-18T04:05:13.4085763Z remote: Counting objects:  73% (109/149)        
deploy	Run actions/checkout@v3	2026-01-18T04:05:13.4086384Z remote: Counting objects:  74% (111/149)        
deploy	Run actions/checkout@v3	2026-01-18T04:05:13.4087179Z remote: Counting objects:  75% (112/149)        
deploy	Run actions/checkout@v3	2026-01-18T04:05:13.4088005Z remote: Counting objects:  76% (114/149)        
deploy	Run actions/checkout@v3	2026-01-18T04:05:13.4088622Z remote: Counting objects:  77% (115/149)        
deploy	Run actions/checkout@v3	2026-01-18T04:05:13.4089276Z remote: Counting objects:  78% (117/149)        
deploy	Run actions/checkout@v3	2026-01-18T04:05:13.4089904Z remote: Counting objects:  79% (118/149)        
deploy	Run actions/checkout@v3	2026-01-18T04:05:13.4090523Z remote: Counting objects:  80% (120/149)        
deploy	Run actions/checkout@v3	2026-01-18T04:05:13.4091137Z remote: Counting objects:  81% (121/149)        
deploy	Run actions/checkout@v3	2026-01-18T04:05:13.4091766Z remote: Counting objects:  82% (123/149)        
deploy	Run actions/checkout@v3	2026-01-18T04:05:13.4092388Z remote: Counting objects:  83% (124/149)        
deploy	Run actions/checkout@v3	2026-01-18T04:05:13.4093011Z remote: Counting objects:  84% (126/149)        
deploy	Run actions/checkout@v3	2026-01-18T04:05:13.4093635Z remote: Counting objects:  85% (127/149)        
deploy	Run actions/checkout@v3	2026-01-18T04:05:13.4094252Z remote: Counting objects:  86% (129/149)        
deploy	Run actions/checkout@v3	2026-01-18T04:05:13.4094878Z remote: Counting objects:  87% (130/149)        
deploy	Run actions/checkout@v3	2026-01-18T04:05:13.4095499Z remote: Counting objects:  88% (132/149)        
deploy	Run actions/checkout@v3	2026-01-18T04:05:13.4096126Z remote: Counting objects:  89% (133/149)        
deploy	Run actions/checkout@v3	2026-01-18T04:05:13.4096890Z remote: Counting objects:  90% (135/149)        
deploy	Run actions/checkout@v3	2026-01-18T04:05:13.4097547Z remote: Counting objects:  91% (136/149)        
deploy	Run actions/checkout@v3	2026-01-18T04:05:13.4098167Z remote: Counting objects:  92% (138/149)        
deploy	Run actions/checkout@v3	2026-01-18T04:05:13.4098786Z remote: Counting objects:  93% (139/149)        
deploy	Run actions/checkout@v3	2026-01-18T04:05:13.4099451Z remote: Counting objects:  94% (141/149)        
deploy	Run actions/checkout@v3	2026-01-18T04:05:13.4100074Z remote: Counting objects:  95% (142/149)        
deploy	Run actions/checkout@v3	2026-01-18T04:05:13.4100694Z remote: Counting objects:  96% (144/149)        
deploy	Run actions/checkout@v3	2026-01-18T04:05:13.4101301Z remote: Counting objects:  97% (145/149)        
deploy	Run actions/checkout@v3	2026-01-18T04:05:13.4101910Z remote: Counting objects:  98% (147/149)        
deploy	Run actions/checkout@v3	2026-01-18T04:05:13.4102524Z remote: Counting objects:  99% (148/149)        
deploy	Run actions/checkout@v3	2026-01-18T04:05:13.4103135Z remote: Counting objects: 100% (149/149)        
deploy	Run actions/checkout@v3	2026-01-18T04:05:13.4104005Z remote: Counting objects: 100% (149/149), done.        
deploy	Run actions/checkout@v3	2026-01-18T04:05:13.4104701Z remote: Compressing objects:   0% (1/113)        
deploy	Run actions/checkout@v3	2026-01-18T04:05:13.4105340Z remote: Compressing objects:   1% (2/113)        
deploy	Run actions/checkout@v3	2026-01-18T04:05:13.4105967Z remote: Compressing objects:   2% (3/113)        
deploy	Run actions/checkout@v3	2026-01-18T04:05:13.4106598Z remote: Compressing objects:   3% (4/113)        
deploy	Run actions/checkout@v3	2026-01-18T04:05:13.4107466Z remote: Compressing objects:   4% (5/113)        
deploy	Run actions/checkout@v3	2026-01-18T04:05:13.4108109Z remote: Compressing objects:   5% (6/113)        
deploy	Run actions/checkout@v3	2026-01-18T04:05:13.4108744Z remote: Compressing objects:   6% (7/113)        
deploy	Run actions/checkout@v3	2026-01-18T04:05:13.4109372Z remote: Compressing objects:   7% (8/113)        
deploy	Run actions/checkout@v3	2026-01-18T04:05:13.4110017Z remote: Compressing objects:   8% (10/113)        
deploy	Run actions/checkout@v3	2026-01-18T04:05:13.4110652Z remote: Compressing objects:   9% (11/113)        
deploy	Run actions/checkout@v3	2026-01-18T04:05:13.4111288Z remote: Compressing objects:  10% (12/113)        
deploy	Run actions/checkout@v3	2026-01-18T04:05:13.4111928Z remote: Compressing objects:  11% (13/113)        
deploy	Run actions/checkout@v3	2026-01-18T04:05:13.4112573Z remote: Compressing objects:  12% (14/113)        
deploy	Run actions/checkout@v3	2026-01-18T04:05:13.4113210Z remote: Compressing objects:  13% (15/113)        
deploy	Run actions/checkout@v3	2026-01-18T04:05:13.4113878Z remote: Compressing objects:  14% (16/113)        
deploy	Run actions/checkout@v3	2026-01-18T04:05:13.4114584Z remote: Compressing objects:  15% (17/113)        
deploy	Run actions/checkout@v3	2026-01-18T04:05:13.4115270Z remote: Compressing objects:  16% (19/113)        
deploy	Run actions/checkout@v3	2026-01-18T04:05:13.4115902Z remote: Compressing objects:  17% (20/113)        
deploy	Run actions/checkout@v3	2026-01-18T04:05:13.4116580Z remote: Compressing objects:  18% (21/113)        
deploy	Run actions/checkout@v3	2026-01-18T04:05:13.4117430Z remote: Compressing objects:  19% (22/113)        
deploy	Run actions/checkout@v3	2026-01-18T04:05:13.4118069Z remote: Compressing objects:  20% (23/113)        
deploy	Run actions/checkout@v3	2026-01-18T04:05:13.4118705Z remote: Compressing objects:  21% (24/113)        
deploy	Run actions/checkout@v3	2026-01-18T04:05:13.4119342Z remote: Compressing objects:  22% (25/113)        
deploy	Run actions/checkout@v3	2026-01-18T04:05:13.4119973Z remote: Compressing objects:  23% (26/113)        
deploy	Run actions/checkout@v3	2026-01-18T04:05:13.4120605Z remote: Compressing objects:  24% (28/113)        
deploy	Run actions/checkout@v3	2026-01-18T04:05:13.4121249Z remote: Compressing objects:  25% (29/113)        
deploy	Run actions/checkout@v3	2026-01-18T04:05:13.4122041Z remote: Compressing objects:  26% (30/113)        
deploy	Run actions/checkout@v3	2026-01-18T04:05:13.4122671Z remote: Compressing objects:  27% (31/113)        
deploy	Run actions/checkout@v3	2026-01-18T04:05:13.4123305Z remote: Compressing objects:  28% (32/113)        
deploy	Run actions/checkout@v3	2026-01-18T04:05:13.4123935Z remote: Compressing objects:  29% (33/113)        
deploy	Run actions/checkout@v3	2026-01-18T04:05:13.4124557Z remote: Compressing objects:  30% (34/113)        
deploy	Run actions/checkout@v3	2026-01-18T04:05:13.4125199Z remote: Compressing objects:  31% (36/113)        
deploy	Run actions/checkout@v3	2026-01-18T04:05:13.4125834Z remote: Compressing objects:  32% (37/113)        
deploy	Run actions/checkout@v3	2026-01-18T04:05:13.4126463Z remote: Compressing objects:  33% (38/113)        
deploy	Run actions/checkout@v3	2026-01-18T04:05:13.4127333Z remote: Compressing objects:  34% (39/113)        
deploy	Run actions/checkout@v3	2026-01-18T04:05:13.4127988Z remote: Compressing objects:  35% (40/113)        
deploy	Run actions/checkout@v3	2026-01-18T04:05:13.4128626Z remote: Compressing objects:  36% (41/113)        
deploy	Run actions/checkout@v3	2026-01-18T04:05:13.4403273Z remote: Compressing objects:  37% (42/113)        
deploy	Run actions/checkout@v3	2026-01-18T04:05:13.4404670Z remote: Compressing objects:  38% (43/113)        
deploy	Run actions/checkout@v3	2026-01-18T04:05:13.4405646Z remote: Compressing objects:  39% (45/113)        
deploy	Run actions/checkout@v3	2026-01-18T04:05:13.4406487Z remote: Compressing objects:  40% (46/113)        
deploy	Run actions/checkout@v3	2026-01-18T04:05:13.4407603Z remote: Compressing objects:  41% (47/113)        
deploy	Run actions/checkout@v3	2026-01-18T04:05:13.4408480Z remote: Compressing objects:  42% (48/113)        
deploy	Run actions/checkout@v3	2026-01-18T04:05:13.4409317Z remote: Compressing objects:  43% (49/113)        
deploy	Run actions/checkout@v3	2026-01-18T04:05:13.4410147Z remote: Compressing objects:  44% (50/113)        
deploy	Run actions/checkout@v3	2026-01-18T04:05:13.4410927Z remote: Compressing objects:  45% (51/113)        
deploy	Run actions/checkout@v3	2026-01-18T04:05:13.4411592Z remote: Compressing objects:  46% (52/113)        
deploy	Run actions/checkout@v3	2026-01-18T04:05:13.4412245Z remote: Compressing objects:  47% (54/113)        
deploy	Run actions/checkout@v3	2026-01-18T04:05:13.4412909Z remote: Compressing objects:  48% (55/113)        
deploy	Run actions/checkout@v3	2026-01-18T04:05:13.4413570Z remote: Compressing objects:  49% (56/113)        
deploy	Run actions/checkout@v3	2026-01-18T04:05:13.4414486Z remote: Compressing objects:  50% (57/113)        
deploy	Run actions/checkout@v3	2026-01-18T04:05:13.4415146Z remote: Compressing objects:  51% (58/113)        
deploy	Run actions/checkout@v3	2026-01-18T04:05:13.4415855Z remote: Compressing objects:  52% (59/113)        
deploy	Run actions/checkout@v3	2026-01-18T04:05:13.4416518Z remote: Compressing objects:  53% (60/113)        
deploy	Run actions/checkout@v3	2026-01-18T04:05:13.4417319Z remote: Compressing objects:  54% (62/113)        
deploy	Run actions/checkout@v3	2026-01-18T04:05:13.4417999Z remote: Compressing objects:  55% (63/113)        
deploy	Run actions/checkout@v3	2026-01-18T04:05:13.4418668Z remote: Compressing objects:  56% (64/113)        
deploy	Run actions/checkout@v3	2026-01-18T04:05:13.4419329Z remote: Compressing objects:  57% (65/113)        
deploy	Run actions/checkout@v3	2026-01-18T04:05:13.4419986Z remote: Compressing objects:  58% (66/113)        
deploy	Run actions/checkout@v3	2026-01-18T04:05:13.4420651Z remote: Compressing objects:  59% (67/113)        
deploy	Run actions/checkout@v3	2026-01-18T04:05:13.4597475Z remote: Compressing objects:  60% (68/113)        
deploy	Run actions/checkout@v3	2026-01-18T04:05:13.4598723Z remote: Compressing objects:  61% (69/113)        
deploy	Run actions/checkout@v3	2026-01-18T04:05:13.4599558Z remote: Compressing objects:  62% (71/113)        
deploy	Run actions/checkout@v3	2026-01-18T04:05:13.4600409Z remote: Compressing objects:  63% (72/113)        
deploy	Run actions/checkout@v3	2026-01-18T04:05:13.4601243Z remote: Compressing objects:  64% (73/113)        
deploy	Run actions/checkout@v3	2026-01-18T04:05:13.4601943Z remote: Compressing objects:  65% (74/113)        
deploy	Run actions/checkout@v3	2026-01-18T04:05:13.4602643Z remote: Compressing objects:  66% (75/113)        
deploy	Run actions/checkout@v3	2026-01-18T04:05:13.4984418Z remote: Compressing objects:  67% (76/113)        
deploy	Run actions/checkout@v3	2026-01-18T04:05:13.5564772Z remote: Compressing objects:  68% (77/113)        
deploy	Run actions/checkout@v3	2026-01-18T04:05:13.6145047Z remote: Compressing objects:  69% (78/113)        
deploy	Run actions/checkout@v3	2026-01-18T04:05:13.6147954Z remote: Compressing objects:  70% (80/113)        
deploy	Run actions/checkout@v3	2026-01-18T04:05:13.6343048Z remote: Compressing objects:  71% (81/113)        
deploy	Run actions/checkout@v3	2026-01-18T04:05:13.6344501Z remote: Compressing objects:  72% (82/113)        
deploy	Run actions/checkout@v3	2026-01-18T04:05:13.6345928Z remote: Compressing objects:  73% (83/113)        
deploy	Run actions/checkout@v3	2026-01-18T04:05:13.6347626Z remote: Compressing objects:  74% (84/113)        
deploy	Run actions/checkout@v3	2026-01-18T04:05:13.6348959Z remote: Compressing objects:  75% (85/113)        
deploy	Run actions/checkout@v3	2026-01-18T04:05:13.6350398Z remote: Compressing objects:  76% (86/113)        
deploy	Run actions/checkout@v3	2026-01-18T04:05:13.6352212Z remote: Compressing objects:  77% (88/113)        
deploy	Run actions/checkout@v3	2026-01-18T04:05:13.6353562Z remote: Compressing objects:  78% (89/113)        
deploy	Run actions/checkout@v3	2026-01-18T04:05:13.6354886Z remote: Compressing objects:  79% (90/113)        
deploy	Run actions/checkout@v3	2026-01-18T04:05:13.6356126Z remote: Compressing objects:  80% (91/113)        
deploy	Run actions/checkout@v3	2026-01-18T04:05:13.6357572Z remote: Compressing objects:  81% (92/113)        
deploy	Run actions/checkout@v3	2026-01-18T04:05:13.6358785Z remote: Compressing objects:  82% (93/113)        
deploy	Run actions/checkout@v3	2026-01-18T04:05:13.6359978Z remote: Compressing objects:  83% (94/113)        
deploy	Run actions/checkout@v3	2026-01-18T04:05:13.6361535Z remote: Compressing objects:  84% (95/113)        
deploy	Run actions/checkout@v3	2026-01-18T04:05:13.6363156Z remote: Compressing objects:  85% (97/113)        
deploy	Run actions/checkout@v3	2026-01-18T04:05:13.6364946Z remote: Compressing objects:  86% (98/113)        
deploy	Run actions/checkout@v3	2026-01-18T04:05:13.6366654Z remote: Compressing objects:  87% (99/113)        
deploy	Run actions/checkout@v3	2026-01-18T04:05:13.6368193Z remote: Compressing objects:  88% (100/113)        
deploy	Run actions/checkout@v3	2026-01-18T04:05:13.6369633Z remote: Compressing objects:  89% (101/113)        
deploy	Run actions/checkout@v3	2026-01-18T04:05:13.6371035Z remote: Compressing objects:  90% (102/113)        
deploy	Run actions/checkout@v3	2026-01-18T04:05:13.6372397Z remote: Compressing objects:  91% (103/113)        
deploy	Run actions/checkout@v3	2026-01-18T04:05:13.6373734Z remote: Compressing objects:  92% (104/113)        
deploy	Run actions/checkout@v3	2026-01-18T04:05:13.6375017Z remote: Compressing objects:  93% (106/113)        
deploy	Run actions/checkout@v3	2026-01-18T04:05:13.6376336Z remote: Compressing objects:  94% (107/113)        
deploy	Run actions/checkout@v3	2026-01-18T04:05:13.6377829Z remote: Compressing objects:  95% (108/113)        
deploy	Run actions/checkout@v3	2026-01-18T04:05:13.6379040Z remote: Compressing objects:  96% (109/113)        
deploy	Run actions/checkout@v3	2026-01-18T04:05:13.6380314Z remote: Compressing objects:  97% (110/113)        
deploy	Run actions/checkout@v3	2026-01-18T04:05:13.6381698Z remote: Compressing objects:  98% (111/113)        
deploy	Run actions/checkout@v3	2026-01-18T04:05:13.6383064Z remote: Compressing objects:  99% (112/113)        
deploy	Run actions/checkout@v3	2026-01-18T04:05:13.6384422Z remote: Compressing objects: 100% (113/113)        
deploy	Run actions/checkout@v3	2026-01-18T04:05:13.6386151Z remote: Compressing objects: 100% (113/113), done.        
deploy	Run actions/checkout@v3	2026-01-18T04:05:13.6387775Z Receiving objects:   0% (1/149)
deploy	Run actions/checkout@v3	2026-01-18T04:05:13.6388744Z Receiving objects:   1% (2/149)
deploy	Run actions/checkout@v3	2026-01-18T04:05:13.6389671Z Receiving objects:   2% (3/149)
deploy	Run actions/checkout@v3	2026-01-18T04:05:13.6390719Z Receiving objects:   3% (5/149)
deploy	Run actions/checkout@v3	2026-01-18T04:05:13.6391720Z Receiving objects:   4% (6/149)
deploy	Run actions/checkout@v3	2026-01-18T04:05:13.6392721Z Receiving objects:   5% (8/149)
deploy	Run actions/checkout@v3	2026-01-18T04:05:13.6393718Z Receiving objects:   6% (9/149)
deploy	Run actions/checkout@v3	2026-01-18T04:05:13.6394782Z Receiving objects:   7% (11/149)
deploy	Run actions/checkout@v3	2026-01-18T04:05:13.6395848Z Receiving objects:   8% (12/149)
deploy	Run actions/checkout@v3	2026-01-18T04:05:13.6397207Z Receiving objects:   9% (14/149)
deploy	Run actions/checkout@v3	2026-01-18T04:05:13.6398325Z Receiving objects:  10% (15/149)
deploy	Run actions/checkout@v3	2026-01-18T04:05:13.6399356Z Receiving objects:  11% (17/149)
deploy	Run actions/checkout@v3	2026-01-18T04:05:13.6400399Z Receiving objects:  12% (18/149)
deploy	Run actions/checkout@v3	2026-01-18T04:05:13.6401470Z Receiving objects:  13% (20/149)
deploy	Run actions/checkout@v3	2026-01-18T04:05:13.6402554Z Receiving objects:  14% (21/149)
deploy	Run actions/checkout@v3	2026-01-18T04:05:13.6403688Z Receiving objects:  15% (23/149)
deploy	Run actions/checkout@v3	2026-01-18T04:05:13.6404823Z Receiving objects:  16% (24/149)
deploy	Run actions/checkout@v3	2026-01-18T04:05:13.6405899Z Receiving objects:  17% (26/149)
deploy	Run actions/checkout@v3	2026-01-18T04:05:13.6407097Z Receiving objects:  18% (27/149)
deploy	Run actions/checkout@v3	2026-01-18T04:05:13.6408192Z Receiving objects:  19% (29/149)
deploy	Run actions/checkout@v3	2026-01-18T04:05:13.6409254Z Receiving objects:  20% (30/149)
deploy	Run actions/checkout@v3	2026-01-18T04:05:13.6410278Z Receiving objects:  21% (32/149)
deploy	Run actions/checkout@v3	2026-01-18T04:05:13.6411351Z Receiving objects:  22% (33/149)
deploy	Run actions/checkout@v3	2026-01-18T04:05:13.6528878Z Receiving objects:  23% (35/149)
deploy	Run actions/checkout@v3	2026-01-18T04:05:13.6530442Z Receiving objects:  24% (36/149)
deploy	Run actions/checkout@v3	2026-01-18T04:05:13.6534564Z Receiving objects:  25% (38/149)
deploy	Run actions/checkout@v3	2026-01-18T04:05:13.6535593Z Receiving objects:  26% (39/149)
deploy	Run actions/checkout@v3	2026-01-18T04:05:13.6536575Z Receiving objects:  27% (41/149)
deploy	Run actions/checkout@v3	2026-01-18T04:05:13.6537692Z Receiving objects:  28% (42/149)
deploy	Run actions/checkout@v3	2026-01-18T04:05:13.6538585Z Receiving objects:  29% (44/149)
deploy	Run actions/checkout@v3	2026-01-18T04:05:13.6539590Z Receiving objects:  30% (45/149)
deploy	Run actions/checkout@v3	2026-01-18T04:05:13.6540512Z Receiving objects:  31% (47/149)
deploy	Run actions/checkout@v3	2026-01-18T04:05:13.6541465Z Receiving objects:  32% (48/149)
deploy	Run actions/checkout@v3	2026-01-18T04:05:13.6542337Z Receiving objects:  33% (50/149)
deploy	Run actions/checkout@v3	2026-01-18T04:05:13.7264155Z Receiving objects:  34% (51/149)
deploy	Run actions/checkout@v3	2026-01-18T04:05:13.7491982Z Receiving objects:  35% (53/149)
deploy	Run actions/checkout@v3	2026-01-18T04:05:13.7558893Z Receiving objects:  36% (54/149)
deploy	Run actions/checkout@v3	2026-01-18T04:05:13.7808616Z Receiving objects:  37% (56/149)
deploy	Run actions/checkout@v3	2026-01-18T04:05:13.7858672Z Receiving objects:  38% (57/149)
deploy	Run actions/checkout@v3	2026-01-18T04:05:13.7863844Z Receiving objects:  39% (59/149)
deploy	Run actions/checkout@v3	2026-01-18T04:05:13.8164708Z Receiving objects:  40% (60/149)
deploy	Run actions/checkout@v3	2026-01-18T04:05:13.8263421Z Receiving objects:  41% (62/149)
deploy	Run actions/checkout@v3	2026-01-18T04:05:13.8302873Z Receiving objects:  42% (63/149)
deploy	Run actions/checkout@v3	2026-01-18T04:05:13.8311396Z Receiving objects:  43% (65/149)
deploy	Run actions/checkout@v3	2026-01-18T04:05:13.8417684Z Receiving objects:  44% (66/149)
deploy	Run actions/checkout@v3	2026-01-18T04:05:13.8421189Z Receiving objects:  45% (68/149)
deploy	Run actions/checkout@v3	2026-01-18T04:05:13.8422905Z Receiving objects:  46% (69/149)
deploy	Run actions/checkout@v3	2026-01-18T04:05:13.8424121Z Receiving objects:  47% (71/149)
deploy	Run actions/checkout@v3	2026-01-18T04:05:13.8425362Z Receiving objects:  48% (72/149)
deploy	Run actions/checkout@v3	2026-01-18T04:05:13.8426606Z Receiving objects:  49% (74/149)
deploy	Run actions/checkout@v3	2026-01-18T04:05:13.8428021Z Receiving objects:  50% (75/149)
deploy	Run actions/checkout@v3	2026-01-18T04:05:13.8429175Z Receiving objects:  51% (76/149)
deploy	Run actions/checkout@v3	2026-01-18T04:05:13.8430348Z Receiving objects:  52% (78/149)
deploy	Run actions/checkout@v3	2026-01-18T04:05:13.8431531Z Receiving objects:  53% (79/149)
deploy	Run actions/checkout@v3	2026-01-18T04:05:13.8432705Z Receiving objects:  54% (81/149)
deploy	Run actions/checkout@v3	2026-01-18T04:05:13.8433957Z Receiving objects:  55% (82/149)
deploy	Run actions/checkout@v3	2026-01-18T04:05:13.8435137Z Receiving objects:  56% (84/149)
deploy	Run actions/checkout@v3	2026-01-18T04:05:13.8436364Z Receiving objects:  57% (85/149)
deploy	Run actions/checkout@v3	2026-01-18T04:05:13.8437762Z Receiving objects:  58% (87/149)
deploy	Run actions/checkout@v3	2026-01-18T04:05:13.8439018Z Receiving objects:  59% (88/149)
deploy	Run actions/checkout@v3	2026-01-18T04:05:13.8440253Z Receiving objects:  60% (90/149)
deploy	Run actions/checkout@v3	2026-01-18T04:05:13.8441612Z Receiving objects:  61% (91/149)
deploy	Run actions/checkout@v3	2026-01-18T04:05:13.8442892Z Receiving objects:  62% (93/149)
deploy	Run actions/checkout@v3	2026-01-18T04:05:13.8444278Z Receiving objects:  63% (94/149)
deploy	Run actions/checkout@v3	2026-01-18T04:05:13.8445691Z Receiving objects:  64% (96/149)
deploy	Run actions/checkout@v3	2026-01-18T04:05:13.8447585Z Receiving objects:  65% (97/149)
deploy	Run actions/checkout@v3	2026-01-18T04:05:13.8449017Z Receiving objects:  66% (99/149)
deploy	Run actions/checkout@v3	2026-01-18T04:05:13.8521022Z Receiving objects:  67% (100/149)
deploy	Run actions/checkout@v3	2026-01-18T04:05:13.8523138Z remote: Total 149 (delta 19), reused 110 (delta 9), pack-reused 0 (from 0)        
deploy	Run actions/checkout@v3	2026-01-18T04:05:13.8525388Z Receiving objects:  68% (102/149)
deploy	Run actions/checkout@v3	2026-01-18T04:05:13.8527008Z Receiving objects:  69% (103/149)
deploy	Run actions/checkout@v3	2026-01-18T04:05:13.8528477Z Receiving objects:  70% (105/149)
deploy	Run actions/checkout@v3	2026-01-18T04:05:13.8529918Z Receiving objects:  71% (106/149)
deploy	Run actions/checkout@v3	2026-01-18T04:05:13.8531362Z Receiving objects:  72% (108/149)
deploy	Run actions/checkout@v3	2026-01-18T04:05:13.8532843Z Receiving objects:  73% (109/149)
deploy	Run actions/checkout@v3	2026-01-18T04:05:13.8534305Z Receiving objects:  74% (111/149)
deploy	Run actions/checkout@v3	2026-01-18T04:05:13.8535741Z Receiving objects:  75% (112/149)
deploy	Run actions/checkout@v3	2026-01-18T04:05:13.8537384Z Receiving objects:  76% (114/149)
deploy	Run actions/checkout@v3	2026-01-18T04:05:13.8538845Z Receiving objects:  77% (115/149)
deploy	Run actions/checkout@v3	2026-01-18T04:05:13.8540232Z Receiving objects:  78% (117/149)
deploy	Run actions/checkout@v3	2026-01-18T04:05:13.8541751Z Receiving objects:  79% (118/149)
deploy	Run actions/checkout@v3	2026-01-18T04:05:13.8543256Z Receiving objects:  80% (120/149)
deploy	Run actions/checkout@v3	2026-01-18T04:05:13.8544788Z Receiving objects:  81% (121/149)
deploy	Run actions/checkout@v3	2026-01-18T04:05:13.8546307Z Receiving objects:  82% (123/149)
deploy	Run actions/checkout@v3	2026-01-18T04:05:13.8547922Z Receiving objects:  83% (124/149)
deploy	Run actions/checkout@v3	2026-01-18T04:05:13.8549456Z Receiving objects:  84% (126/149)
deploy	Run actions/checkout@v3	2026-01-18T04:05:13.8551037Z Receiving objects:  85% (127/149)
deploy	Run actions/checkout@v3	2026-01-18T04:05:13.8552686Z Receiving objects:  86% (129/149)
deploy	Run actions/checkout@v3	2026-01-18T04:05:13.8554332Z Receiving objects:  87% (130/149)
deploy	Run actions/checkout@v3	2026-01-18T04:05:13.8555887Z Receiving objects:  88% (132/149)
deploy	Run actions/checkout@v3	2026-01-18T04:05:13.8557608Z Receiving objects:  89% (133/149)
deploy	Run actions/checkout@v3	2026-01-18T04:05:13.8559173Z Receiving objects:  90% (135/149)
deploy	Run actions/checkout@v3	2026-01-18T04:05:13.8560753Z Receiving objects:  91% (136/149)
deploy	Run actions/checkout@v3	2026-01-18T04:05:13.8562305Z Receiving objects:  92% (138/149)
deploy	Run actions/checkout@v3	2026-01-18T04:05:13.8563844Z Receiving objects:  93% (139/149)
deploy	Run actions/checkout@v3	2026-01-18T04:05:13.8565382Z Receiving objects:  94% (141/149)
deploy	Run actions/checkout@v3	2026-01-18T04:05:13.8566589Z Receiving objects:  95% (142/149)
deploy	Run actions/checkout@v3	2026-01-18T04:05:13.8567886Z Receiving objects:  96% (144/149)
deploy	Run actions/checkout@v3	2026-01-18T04:05:13.8569412Z Receiving objects:  97% (145/149)
deploy	Run actions/checkout@v3	2026-01-18T04:05:13.8570484Z Receiving objects:  98% (147/149)
deploy	Run actions/checkout@v3	2026-01-18T04:05:13.8571974Z Receiving objects:  99% (148/149)
deploy	Run actions/checkout@v3	2026-01-18T04:05:13.8573630Z Receiving objects: 100% (149/149)
deploy	Run actions/checkout@v3	2026-01-18T04:05:13.8575628Z Receiving objects: 100% (149/149), 8.56 MiB | 39.28 MiB/s, done.
deploy	Run actions/checkout@v3	2026-01-18T04:05:13.8577931Z Resolving deltas:   0% (0/19)
deploy	Run actions/checkout@v3	2026-01-18T04:05:13.8579403Z Resolving deltas:   5% (1/19)
deploy	Run actions/checkout@v3	2026-01-18T04:05:13.8580843Z Resolving deltas:  10% (2/19)
deploy	Run actions/checkout@v3	2026-01-18T04:05:13.8582320Z Resolving deltas:  15% (3/19)
deploy	Run actions/checkout@v3	2026-01-18T04:05:13.8583805Z Resolving deltas:  21% (4/19)
deploy	Run actions/checkout@v3	2026-01-18T04:05:13.8584813Z Resolving deltas:  26% (5/19)
deploy	Run actions/checkout@v3	2026-01-18T04:05:13.8585810Z Resolving deltas:  31% (6/19)
deploy	Run actions/checkout@v3	2026-01-18T04:05:13.8587010Z Resolving deltas:  36% (7/19)
deploy	Run actions/checkout@v3	2026-01-18T04:05:13.8588019Z Resolving deltas:  42% (8/19)
deploy	Run actions/checkout@v3	2026-01-18T04:05:13.8589207Z Resolving deltas:  47% (9/19)
deploy	Run actions/checkout@v3	2026-01-18T04:05:13.8590621Z Resolving deltas:  52% (10/19)
deploy	Run actions/checkout@v3	2026-01-18T04:05:13.8591703Z Resolving deltas:  57% (11/19)
deploy	Run actions/checkout@v3	2026-01-18T04:05:13.8593009Z Resolving deltas:  63% (12/19)
deploy	Run actions/checkout@v3	2026-01-18T04:05:13.8594478Z Resolving deltas:  68% (13/19)
deploy	Run actions/checkout@v3	2026-01-18T04:05:13.8595826Z Resolving deltas:  73% (14/19)
deploy	Run actions/checkout@v3	2026-01-18T04:05:13.8597013Z Resolving deltas:  78% (15/19)
deploy	Run actions/checkout@v3	2026-01-18T04:05:13.8598438Z Resolving deltas:  89% (17/19)
deploy	Run actions/checkout@v3	2026-01-18T04:05:13.8599842Z Resolving deltas:  94% (18/19)
deploy	Run actions/checkout@v3	2026-01-18T04:05:13.8601211Z Resolving deltas: 100% (19/19)
deploy	Run actions/checkout@v3	2026-01-18T04:05:13.8602602Z Resolving deltas: 100% (19/19), done.
deploy	Run actions/checkout@v3	2026-01-18T04:05:13.8685636Z From https://github.com/stevenraykelly-arch/mr-home-assist
deploy	Run actions/checkout@v3	2026-01-18T04:05:13.8687979Z  * [new ref]         749272184373136d4b7db55b0ea0a8c139534ef6 -> origin/main
deploy	Run actions/checkout@v3	2026-01-18T04:05:13.8719718Z ##[endgroup]
deploy	Run actions/checkout@v3	2026-01-18T04:05:13.8721635Z ##[group]Determining the checkout info
deploy	Run actions/checkout@v3	2026-01-18T04:05:13.8723421Z ##[endgroup]
deploy	Run actions/checkout@v3	2026-01-18T04:05:13.8725163Z ##[group]Checking out the ref
deploy	Run actions/checkout@v3	2026-01-18T04:05:13.8727274Z [command]/usr/bin/git checkout --progress --force -B main refs/remotes/origin/main
deploy	Run actions/checkout@v3	2026-01-18T04:05:13.9367598Z Switched to a new branch 'main'
deploy	Run actions/checkout@v3	2026-01-18T04:05:13.9369382Z branch 'main' set up to track 'origin/main'.
deploy	Run actions/checkout@v3	2026-01-18T04:05:13.9380742Z ##[endgroup]
deploy	Run actions/checkout@v3	2026-01-18T04:05:13.9415371Z [command]/usr/bin/git log -1 --format='%H'
deploy	Run actions/checkout@v3	2026-01-18T04:05:13.9435991Z '749272184373136d4b7db55b0ea0a8c139534ef6'
deploy	Upload to BunnyCDN	﻿2026-01-18T04:05:13.9768029Z ##[group]Run ayeressian/bunnycdn-storage-deploy@v2.2.5
deploy	Upload to BunnyCDN	2026-01-18T04:05:13.9769311Z with:
deploy	Upload to BunnyCDN	2026-01-18T04:05:13.9769948Z   source: dist
deploy	Upload to BunnyCDN	2026-01-18T04:05:13.9770769Z   storageZoneName: bunny-bulk-store1-sydney
deploy	Upload to BunnyCDN	2026-01-18T04:05:13.9772130Z   storagePassword: ***
deploy	Upload to BunnyCDN	2026-01-18T04:05:13.9773642Z   accessKey: ***
deploy	Upload to BunnyCDN	2026-01-18T04:05:13.9774380Z   upload: true
deploy	Upload to BunnyCDN	2026-01-18T04:05:13.9775169Z   storageEndpoint: storage.bunnycdn.com
deploy	Upload to BunnyCDN	2026-01-18T04:05:13.9776246Z   purgePullZone: false
deploy	Upload to BunnyCDN	2026-01-18T04:05:13.9777318Z   remove: false
deploy	Upload to BunnyCDN	2026-01-18T04:05:13.9778028Z ##[endgroup]
deploy	Upload to BunnyCDN	2026-01-18T04:05:14.0245148Z Uploading /home/runner/work/mr-home-assist/mr-home-assist/dist folder/file to storage bunny-bulk-store1-sydney
deploy	Upload to BunnyCDN	2026-01-18T04:05:14.0295515Z Deploying favicon.svg by https://storage.bunnycdn.com/bunny-bulk-store1-sydney/favicon.svg
deploy	Upload to BunnyCDN	2026-01-18T04:05:14.0622964Z Deploying handyman_hero.jpg by https://storage.bunnycdn.com/bunny-bulk-store1-sydney/handyman_hero.jpg
deploy	Upload to BunnyCDN	2026-01-18T04:05:14.0636225Z Deploying handyman_pi_hero.jpg by https://storage.bunnycdn.com/bunny-bulk-store1-sydney/handyman_pi_hero.jpg
deploy	Upload to BunnyCDN	2026-01-18T04:05:14.0649796Z Deploying hero.jpg by https://storage.bunnycdn.com/bunny-bulk-store1-sydney/hero.jpg
deploy	Upload to BunnyCDN	2026-01-18T04:05:14.0661672Z Deploying index.html by https://storage.bunnycdn.com/bunny-bulk-store1-sydney/index.html
deploy	Upload to BunnyCDN	2026-01-18T04:05:14.0672732Z Deploying robots.txt by https://storage.bunnycdn.com/bunny-bulk-store1-sydney/robots.txt
deploy	Upload to BunnyCDN	2026-01-18T04:05:14.0683730Z Deploying schema.json by https://storage.bunnycdn.com/bunny-bulk-store1-sydney/schema.json
deploy	Upload to BunnyCDN	2026-01-18T04:05:14.0694372Z Deploying window_cleaner_hero.jpg by https://storage.bunnycdn.com/bunny-bulk-store1-sydney/window_cleaner_hero.jpg
deploy	Upload to BunnyCDN	2026-01-18T04:05:14.0751308Z Deploying services/supply-only/index.html by https://storage.bunnycdn.com/bunny-bulk-store1-sydney/services/supply-only/index.html
deploy	Upload to BunnyCDN	2026-01-18T04:05:14.0765819Z Deploying services/supply-and-install/index.html by https://storage.bunnycdn.com/bunny-bulk-store1-sydney/services/supply-and-install/index.html
deploy	Upload to BunnyCDN	2026-01-18T04:05:14.0777291Z Deploying services/garden-design-consult/index.html by https://storage.bunnycdn.com/bunny-bulk-store1-sydney/services/garden-design-consult/index.html
deploy	Upload to BunnyCDN	2026-01-18T04:05:14.0787575Z Deploying services/custom-curved-edging/index.html by https://storage.bunnycdn.com/bunny-bulk-store1-sydney/services/custom-curved-edging/index.html
deploy	Upload to BunnyCDN	2026-01-18T04:05:14.0797987Z Deploying privacy-policy/index.html by https://storage.bunnycdn.com/bunny-bulk-store1-sydney/privacy-policy/index.html
deploy	Upload to BunnyCDN	2026-01-18T04:05:14.0841866Z Deploying locations/sorrento/index.html by https://storage.bunnycdn.com/bunny-bulk-store1-sydney/locations/sorrento/index.html
deploy	Upload to BunnyCDN	2026-01-18T04:05:14.0852458Z Deploying locations/rye/index.html by https://storage.bunnycdn.com/bunny-bulk-store1-sydney/locations/rye/index.html
deploy	Upload to BunnyCDN	2026-01-18T04:05:14.0863453Z Deploying locations/rosebud/index.html by https://storage.bunnycdn.com/bunny-bulk-store1-sydney/locations/rosebud/index.html
deploy	Upload to BunnyCDN	2026-01-18T04:05:14.0873890Z Deploying locations/portsea/index.html by https://storage.bunnycdn.com/bunny-bulk-store1-sydney/locations/portsea/index.html
deploy	Upload to BunnyCDN	2026-01-18T04:05:14.0882500Z Deploying locations/mt-eliza/index.html by https://storage.bunnycdn.com/bunny-bulk-store1-sydney/locations/mt-eliza/index.html
deploy	Upload to BunnyCDN	2026-01-18T04:05:14.0890681Z Deploying locations/mornington/index.html by https://storage.bunnycdn.com/bunny-bulk-store1-sydney/locations/mornington/index.html
deploy	Upload to BunnyCDN	2026-01-18T04:05:14.0897288Z Deploying locations/flinders/index.html by https://storage.bunnycdn.com/bunny-bulk-store1-sydney/locations/flinders/index.html
deploy	Upload to BunnyCDN	2026-01-18T04:05:14.0911677Z Deploying locations/dromana/index.html by https://storage.bunnycdn.com/bunny-bulk-store1-sydney/locations/dromana/index.html
deploy	Upload to BunnyCDN	2026-01-18T04:05:14.0919145Z Deploying locations/balnarring/index.html by https://storage.bunnycdn.com/bunny-bulk-store1-sydney/locations/balnarring/index.html
deploy	Upload to BunnyCDN	2026-01-18T04:05:14.0925346Z Deploying images/curved.png by https://storage.bunnycdn.com/bunny-bulk-store1-sydney/images/curved.png
deploy	Upload to BunnyCDN	2026-01-18T04:05:14.0932505Z Deploying images/curved.webp by https://storage.bunnycdn.com/bunny-bulk-store1-sydney/images/curved.webp
deploy	Upload to BunnyCDN	2026-01-18T04:05:14.0938751Z Deploying images/decks.webp by https://storage.bunnycdn.com/bunny-bulk-store1-sydney/images/decks.webp
deploy	Upload to BunnyCDN	2026-01-18T04:05:14.0945041Z Deploying images/handyman.webp by https://storage.bunnycdn.com/bunny-bulk-store1-sydney/images/handyman.webp
deploy	Upload to BunnyCDN	2026-01-18T04:05:14.0951292Z Deploying images/hero.png by https://storage.bunnycdn.com/bunny-bulk-store1-sydney/images/hero.png
deploy	Upload to BunnyCDN	2026-01-18T04:05:14.0957661Z Deploying images/hero.webp by https://storage.bunnycdn.com/bunny-bulk-store1-sydney/images/hero.webp
deploy	Upload to BunnyCDN	2026-01-18T04:05:14.0964409Z Deploying images/install.png by https://storage.bunnycdn.com/bunny-bulk-store1-sydney/images/install.png
deploy	Upload to BunnyCDN	2026-01-18T04:05:14.0970764Z Deploying images/install.webp by https://storage.bunnycdn.com/bunny-bulk-store1-sydney/images/install.webp
deploy	Upload to BunnyCDN	2026-01-18T04:05:14.0977193Z Deploying images/presale.webp by https://storage.bunnycdn.com/bunny-bulk-store1-sydney/images/presale.webp
deploy	Upload to BunnyCDN	2026-01-18T04:05:14.0983454Z Deploying images/rental.webp by https://storage.bunnycdn.com/bunny-bulk-store1-sydney/images/rental.webp
deploy	Upload to BunnyCDN	2026-01-18T04:05:14.0989901Z Deploying images/supply_only.png by https://storage.bunnycdn.com/bunny-bulk-store1-sydney/images/supply_only.png
deploy	Upload to BunnyCDN	2026-01-18T04:05:14.0995941Z Deploying images/supply_only.webp by https://storage.bunnycdn.com/bunny-bulk-store1-sydney/images/supply_only.webp
deploy	Upload to BunnyCDN	2026-01-18T04:05:14.1002912Z Deploying _astro/index.DBXT6jA7.css by https://storage.bunnycdn.com/bunny-bulk-store1-sydney/_astro/index.DBXT6jA7.css
deploy	Upload to BunnyCDN	2026-01-18T04:05:14.5843460Z ##[warning]Uploading favicon.svg has failed width the status code 401. Attempt number 1. Retrying...
deploy	Upload to BunnyCDN	2026-01-18T04:05:14.6197999Z ##[warning]Uploading schema.json has failed width the status code 401. Attempt number 1. Retrying...
deploy	Upload to BunnyCDN	2026-01-18T04:05:14.6205390Z ##[warning]Uploading robots.txt has failed width the status code 401. Attempt number 1. Retrying...
deploy	Upload to BunnyCDN	2026-01-18T04:05:14.6245542Z ##[warning]Uploading services/supply-and-install/index.html has failed width the status code 401. Attempt number 1. Retrying...
deploy	Upload to BunnyCDN	2026-01-18T04:05:14.6415914Z ##[warning]Uploading services/supply-only/index.html has failed width the status code 401. Attempt number 1. Retrying...
deploy	Upload to BunnyCDN	2026-01-18T04:05:14.6464722Z ##[warning]Uploading services/garden-design-consult/index.html has failed width the status code 401. Attempt number 1. Retrying...
deploy	Upload to BunnyCDN	2026-01-18T04:05:14.6621677Z ##[warning]Uploading services/custom-curved-edging/index.html has failed width the status code 401. Attempt number 1. Retrying...
deploy	Upload to BunnyCDN	2026-01-18T04:05:14.6711196Z ##[warning]Uploading locations/sorrento/index.html has failed width the status code 401. Attempt number 1. Retrying...
deploy	Upload to BunnyCDN	2026-01-18T04:05:14.6872526Z ##[warning]Uploading locations/rye/index.html has failed width the status code 401. Attempt number 1. Retrying...
deploy	Upload to BunnyCDN	2026-01-18T04:05:14.6901040Z ##[warning]Uploading privacy-policy/index.html has failed width the status code 401. Attempt number 1. Retrying...
deploy	Upload to BunnyCDN	2026-01-18T04:05:14.6924281Z ##[warning]Uploading locations/rosebud/index.html has failed width the status code 401. Attempt number 1. Retrying...
deploy	Upload to BunnyCDN	2026-01-18T04:05:14.6932649Z ##[warning]Uploading locations/mt-eliza/index.html has failed width the status code 401. Attempt number 1. Retrying...
deploy	Upload to BunnyCDN	2026-01-18T04:05:14.6966980Z ##[warning]Uploading locations/portsea/index.html has failed width the status code 401. Attempt number 1. Retrying...
deploy	Upload to BunnyCDN	2026-01-18T04:05:14.6990733Z ##[warning]Uploading locations/dromana/index.html has failed width the status code 401. Attempt number 1. Retrying...
deploy	Upload to BunnyCDN	2026-01-18T04:05:14.7070830Z ##[warning]Uploading hero.jpg has failed width the status code 401. Attempt number 1. Retrying...
deploy	Upload to BunnyCDN	2026-01-18T04:05:14.7173836Z ##[warning]Uploading locations/mornington/index.html has failed width the status code 401. Attempt number 1. Retrying...
deploy	Upload to BunnyCDN	2026-01-18T04:05:14.7186963Z ##[warning]Uploading locations/flinders/index.html has failed width the status code 401. Attempt number 1. Retrying...
deploy	Upload to BunnyCDN	2026-01-18T04:05:14.7249229Z ##[warning]Uploading locations/balnarring/index.html has failed width the status code 401. Attempt number 1. Retrying...
deploy	Upload to BunnyCDN	2026-01-18T04:05:14.7340655Z ##[warning]Uploading handyman_pi_hero.jpg has failed width the status code 401. Attempt number 1. Retrying...
deploy	Upload to BunnyCDN	2026-01-18T04:05:14.7388958Z ##[warning]Uploading handyman_hero.jpg has failed width the status code 401. Attempt number 1. Retrying...
deploy	Upload to BunnyCDN	2026-01-18T04:05:14.7653115Z ##[warning]Uploading index.html has failed width the status code 401. Attempt number 1. Retrying...
deploy	Upload to BunnyCDN	2026-01-18T04:05:14.7941179Z ##[warning]Uploading window_cleaner_hero.jpg has failed width the status code 401. Attempt number 1. Retrying...
deploy	Upload to BunnyCDN	2026-01-18T04:05:14.8838732Z ##[warning]Uploading images/curved.webp has failed width the status code 401. Attempt number 1. Retrying...
deploy	Upload to BunnyCDN	2026-01-18T04:05:14.8852049Z ##[warning]Uploading images/decks.webp has failed width the status code 401. Attempt number 1. Retrying...
deploy	Upload to BunnyCDN	2026-01-18T04:05:14.8882183Z ##[warning]Uploading images/hero.webp has failed width the status code 401. Attempt number 1. Retrying...
deploy	Upload to BunnyCDN	2026-01-18T04:05:14.8940712Z ##[warning]Uploading images/install.webp has failed width the status code 401. Attempt number 1. Retrying...
deploy	Upload to BunnyCDN	2026-01-18T04:05:14.9011125Z ##[warning]Uploading images/rental.webp has failed width the status code 401. Attempt number 1. Retrying...
deploy	Upload to BunnyCDN	2026-01-18T04:05:14.9018919Z ##[warning]Uploading images/supply_only.png has failed width the status code 401. Attempt number 1. Retrying...
deploy	Upload to BunnyCDN	2026-01-18T04:05:14.9052790Z ##[warning]Uploading images/curved.png has failed width the status code 401. Attempt number 1. Retrying...
deploy	Upload to BunnyCDN	2026-01-18T04:05:14.9072849Z ##[warning]Uploading images/hero.png has failed width the status code 401. Attempt number 1. Retrying...
deploy	Upload to BunnyCDN	2026-01-18T04:05:14.9088508Z ##[warning]Uploading failed with network or cors error. Attempt number 2. Retrying...
deploy	Upload to BunnyCDN	2026-01-18T04:05:14.9105479Z ##[warning]Uploading images/handyman.webp has failed width the status code 401. Attempt number 1. Retrying...
deploy	Upload to BunnyCDN	2026-01-18T04:05:14.9112451Z ##[warning]Uploading images/install.png has failed width the status code 401. Attempt number 1. Retrying...
deploy	Upload to BunnyCDN	2026-01-18T04:05:14.9143828Z ##[warning]Uploading images/supply_only.webp has failed width the status code 401. Attempt number 1. Retrying...
deploy	Upload to BunnyCDN	2026-01-18T04:05:14.9239544Z ##[warning]Uploading _astro/index.DBXT6jA7.css has failed width the status code 401. Attempt number 1. Retrying...
deploy	Upload to BunnyCDN	2026-01-18T04:05:14.9250799Z ##[warning]Uploading images/presale.webp has failed width the status code 401. Attempt number 1. Retrying...
deploy	Upload to BunnyCDN	2026-01-18T04:05:14.9334269Z ##[warning]Uploading favicon.svg has failed width the status code 401. Attempt number 2. Retrying...
deploy	Upload to BunnyCDN	2026-01-18T04:05:14.9341504Z ##[warning]Uploading failed with network or cors error. Attempt number 2. Retrying...
deploy	Upload to BunnyCDN	2026-01-18T04:05:14.9396679Z ##[warning]Uploading failed with network or cors error. Attempt number 2. Retrying...
deploy	Upload to BunnyCDN	2026-01-18T04:05:14.9774730Z ##[warning]Uploading schema.json has failed width the status code 401. Attempt number 2. Retrying...
deploy	Upload to BunnyCDN	2026-01-18T04:05:14.9781046Z ##[warning]Uploading robots.txt has failed width the status code 401. Attempt number 2. Retrying...
deploy	Upload to BunnyCDN	2026-01-18T04:05:14.9816562Z ##[warning]Uploading services/supply-and-install/index.html has failed width the status code 401. Attempt number 2. Retrying...
deploy	Upload to BunnyCDN	2026-01-18T04:05:14.9919257Z ##[warning]Uploading services/supply-only/index.html has failed width the status code 401. Attempt number 2. Retrying...
deploy	Upload to BunnyCDN	2026-01-18T04:05:14.9945622Z ##[warning]Uploading failed with network or cors error. Attempt number 2. Retrying...
deploy	Upload to BunnyCDN	2026-01-18T04:05:15.0036411Z ##[warning]Uploading services/garden-design-consult/index.html has failed width the status code 401. Attempt number 2. Retrying...
deploy	Upload to BunnyCDN	2026-01-18T04:05:15.0199679Z ##[warning]Uploading services/custom-curved-edging/index.html has failed width the status code 401. Attempt number 2. Retrying...
deploy	Upload to BunnyCDN	2026-01-18T04:05:15.0259060Z ##[warning]Uploading locations/sorrento/index.html has failed width the status code 401. Attempt number 2. Retrying...
deploy	Upload to BunnyCDN	2026-01-18T04:05:15.0380355Z ##[warning]Uploading locations/rye/index.html has failed width the status code 401. Attempt number 2. Retrying...
deploy	Upload to BunnyCDN	2026-01-18T04:05:15.0443382Z ##[warning]Uploading locations/rosebud/index.html has failed width the status code 401. Attempt number 2. Retrying...
deploy	Upload to BunnyCDN	2026-01-18T04:05:15.0462643Z ##[warning]Uploading privacy-policy/index.html has failed width the status code 401. Attempt number 2. Retrying...
deploy	Upload to BunnyCDN	2026-01-18T04:05:15.0480805Z ##[warning]Uploading locations/portsea/index.html has failed width the status code 401. Attempt number 2. Retrying...
deploy	Upload to BunnyCDN	2026-01-18T04:05:15.0523360Z ##[warning]Uploading locations/mt-eliza/index.html has failed width the status code 401. Attempt number 2. Retrying...
deploy	Upload to BunnyCDN	2026-01-18T04:05:15.0807554Z ##[warning]Uploading locations/balnarring/index.html has failed width the status code 401. Attempt number 2. Retrying...
deploy	Upload to BunnyCDN	2026-01-18T04:05:15.0842832Z ##[warning]Uploading failed with network or cors error. Attempt number 2. Retrying...
deploy	Upload to BunnyCDN	2026-01-18T04:05:15.1027034Z ##[warning]Uploading failed with network or cors error. Attempt number 2. Retrying...
deploy	Upload to BunnyCDN	2026-01-18T04:05:15.1056131Z ##[warning]Uploading failed with network or cors error. Attempt number 2. Retrying...
deploy	Upload to BunnyCDN	2026-01-18T04:05:15.1075856Z ##[warning]Uploading failed with network or cors error. Attempt number 2. Retrying...
deploy	Upload to BunnyCDN	2026-01-18T04:05:15.1117158Z ##[warning]Uploading failed with network or cors error. Attempt number 2. Retrying...
deploy	Upload to BunnyCDN	2026-01-18T04:05:15.2394025Z ##[warning]Uploading images/hero.webp has failed width the status code 401. Attempt number 2. Retrying...
deploy	Upload to BunnyCDN	2026-01-18T04:05:15.2425740Z ##[warning]Uploading images/decks.webp has failed width the status code 401. Attempt number 2. Retrying...
deploy	Upload to BunnyCDN	2026-01-18T04:05:15.2500159Z ##[warning]Uploading images/install.webp has failed width the status code 401. Attempt number 2. Retrying...
deploy	Upload to BunnyCDN	2026-01-18T04:05:15.2532162Z ##[warning]Uploading images/rental.webp has failed width the status code 401. Attempt number 2. Retrying...
deploy	Upload to BunnyCDN	2026-01-18T04:05:15.2681357Z ##[warning]Uploading images/handyman.webp has failed width the status code 401. Attempt number 2. Retrying...
deploy	Upload to BunnyCDN	2026-01-18T04:05:15.2714446Z ##[warning]Uploading images/supply_only.webp has failed width the status code 401. Attempt number 2. Retrying...
deploy	Upload to BunnyCDN	2026-01-18T04:05:15.2833438Z ##[warning]Uploading _astro/index.DBXT6jA7.css has failed width the status code 401. Attempt number 2. Retrying...
deploy	Upload to BunnyCDN	2026-01-18T04:05:15.3112338Z (node:2089) MaxListenersExceededWarning: Possible EventEmitter memory leak detected. 11 error listeners added to [ReadStream]. MaxListeners is 10. Use emitter.setMaxListeners() to increase limit
deploy	Upload to BunnyCDN	2026-01-18T04:05:15.3114215Z (Use `node --trace-warnings ...` to show where the warning was created)
deploy	Upload to BunnyCDN	2026-01-18T04:05:15.3116148Z ##[warning]Uploading failed with network or cors error. Attempt number 3. Retrying...
deploy	Upload to BunnyCDN	2026-01-18T04:05:15.3344531Z (node:2089) MaxListenersExceededWarning: Possible EventEmitter memory leak detected. 11 error listeners added to [ReadStream]. MaxListeners is 10. Use emitter.setMaxListeners() to increase limit
deploy	Upload to BunnyCDN	2026-01-18T04:05:15.3351326Z (node:2089) MaxListenersExceededWarning: Possible EventEmitter memory leak detected. 11 error listeners added to [ReadStream]. MaxListeners is 10. Use emitter.setMaxListeners() to increase limit
deploy	Upload to BunnyCDN	2026-01-18T04:05:15.3354239Z ##[warning]Uploading failed with network or cors error. Attempt number 3. Retrying...
deploy	Upload to BunnyCDN	2026-01-18T04:05:15.3401725Z (node:2089) MaxListenersExceededWarning: Possible EventEmitter memory leak detected. 11 error listeners added to [ReadStream]. MaxListeners is 10. Use emitter.setMaxListeners() to increase limit
deploy	Upload to BunnyCDN	2026-01-18T04:05:15.3404673Z ##[warning]Uploading failed with network or cors error. Attempt number 3. Retrying...
deploy	Upload to BunnyCDN	2026-01-18T04:05:15.3566590Z ##[warning]Uploading locations/dromana/index.html has failed width the status code 401. Attempt number 2. Retrying...
deploy	Upload to BunnyCDN	2026-01-18T04:05:15.3717935Z ##[warning]Uploading locations/flinders/index.html has failed width the status code 401. Attempt number 2. Retrying...
deploy	Upload to BunnyCDN	2026-01-18T04:05:15.3735308Z ##[warning]Uploading locations/mornington/index.html has failed width the status code 401. Attempt number 2. Retrying...
deploy	Upload to BunnyCDN	2026-01-18T04:05:15.3781991Z (node:2089) MaxListenersExceededWarning: Possible EventEmitter memory leak detected. 11 error listeners added to [ReadStream]. MaxListeners is 10. Use emitter.setMaxListeners() to increase limit
deploy	Upload to BunnyCDN	2026-01-18T04:05:15.3787351Z (node:2089) MaxListenersExceededWarning: Possible EventEmitter memory leak detected. 11 error listeners added to [ReadStream]. MaxListeners is 10. Use emitter.setMaxListeners() to increase limit
deploy	Upload to BunnyCDN	2026-01-18T04:05:15.3815466Z (node:2089) MaxListenersExceededWarning: Possible EventEmitter memory leak detected. 11 error listeners added to [ReadStream]. MaxListeners is 10. Use emitter.setMaxListeners() to increase limit
deploy	Upload to BunnyCDN	2026-01-18T04:05:15.3932963Z (node:2089) MaxListenersExceededWarning: Possible EventEmitter memory leak detected. 11 error listeners added to [ReadStream]. MaxListeners is 10. Use emitter.setMaxListeners() to increase limit
deploy	Upload to BunnyCDN	2026-01-18T04:05:15.3951119Z (node:2089) MaxListenersExceededWarning: Possible EventEmitter memory leak detected. 11 error listeners added to [ReadStream]. MaxListeners is 10. Use emitter.setMaxListeners() to increase limit
deploy	Upload to BunnyCDN	2026-01-18T04:05:15.3954569Z ##[warning]Uploading failed with network or cors error. Attempt number 3. Retrying...
deploy	Upload to BunnyCDN	2026-01-18T04:05:15.4041159Z (node:2089) MaxListenersExceededWarning: Possible EventEmitter memory leak detected. 11 error listeners added to [ReadStream]. MaxListeners is 10. Use emitter.setMaxListeners() to increase limit
deploy	Upload to BunnyCDN	2026-01-18T04:05:15.4223000Z (node:2089) MaxListenersExceededWarning: Possible EventEmitter memory leak detected. 11 error listeners added to [ReadStream]. MaxListeners is 10. Use emitter.setMaxListeners() to increase limit
deploy	Upload to BunnyCDN	2026-01-18T04:05:15.4282148Z (node:2089) MaxListenersExceededWarning: Possible EventEmitter memory leak detected. 11 error listeners added to [ReadStream]. MaxListeners is 10. Use emitter.setMaxListeners() to increase limit
deploy	Upload to BunnyCDN	2026-01-18T04:05:15.4344535Z ##[warning]Uploading index.html has failed width the status code 401. Attempt number 2. Retrying...
deploy	Upload to BunnyCDN	2026-01-18T04:05:15.4390423Z (node:2089) MaxListenersExceededWarning: Possible EventEmitter memory leak detected. 11 error listeners added to [ReadStream]. MaxListeners is 10. Use emitter.setMaxListeners() to increase limit
deploy	Upload to BunnyCDN	2026-01-18T04:05:15.4461088Z (node:2089) MaxListenersExceededWarning: Possible EventEmitter memory leak detected. 11 error listeners added to [ReadStream]. MaxListeners is 10. Use emitter.setMaxListeners() to increase limit
deploy	Upload to BunnyCDN	2026-01-18T04:05:15.4478290Z (node:2089) MaxListenersExceededWarning: Possible EventEmitter memory leak detected. 11 error listeners added to [ReadStream]. MaxListeners is 10. Use emitter.setMaxListeners() to increase limit
deploy	Upload to BunnyCDN	2026-01-18T04:05:15.4495778Z (node:2089) MaxListenersExceededWarning: Possible EventEmitter memory leak detected. 11 error listeners added to [ReadStream]. MaxListeners is 10. Use emitter.setMaxListeners() to increase limit
deploy	Upload to BunnyCDN	2026-01-18T04:05:15.4539101Z (node:2089) MaxListenersExceededWarning: Possible EventEmitter memory leak detected. 11 error listeners added to [ReadStream]. MaxListeners is 10. Use emitter.setMaxListeners() to increase limit
deploy	Upload to BunnyCDN	2026-01-18T04:05:15.4815630Z (node:2089) MaxListenersExceededWarning: Possible EventEmitter memory leak detected. 11 error listeners added to [ReadStream]. MaxListeners is 10. Use emitter.setMaxListeners() to increase limit
deploy	Upload to BunnyCDN	2026-01-18T04:05:15.4852274Z (node:2089) MaxListenersExceededWarning: Possible EventEmitter memory leak detected. 11 error listeners added to [ReadStream]. MaxListeners is 10. Use emitter.setMaxListeners() to increase limit
deploy	Upload to BunnyCDN	2026-01-18T04:05:15.4855106Z ##[warning]Uploading failed with network or cors error. Attempt number 3. Retrying...
deploy	Upload to BunnyCDN	2026-01-18T04:05:15.4912262Z ##[warning]Uploading favicon.svg has failed width the status code 401. Attempt number 3. Retrying...
deploy	Upload to BunnyCDN	2026-01-18T04:05:15.5031242Z (node:2089) MaxListenersExceededWarning: Possible EventEmitter memory leak detected. 11 error listeners added to [ReadStream]. MaxListeners is 10. Use emitter.setMaxListeners() to increase limit
deploy	Upload to BunnyCDN	2026-01-18T04:05:15.5033399Z ##[warning]Uploading failed with network or cors error. Attempt number 3. Retrying...
deploy	Upload to BunnyCDN	2026-01-18T04:05:15.5067495Z (node:2089) MaxListenersExceededWarning: Possible EventEmitter memory leak detected. 11 error listeners added to [ReadStream]. MaxListeners is 10. Use emitter.setMaxListeners() to increase limit
deploy	Upload to BunnyCDN	2026-01-18T04:05:15.5069196Z ##[warning]Uploading failed with network or cors error. Attempt number 3. Retrying...
deploy	Upload to BunnyCDN	2026-01-18T04:05:15.5081589Z (node:2089) MaxListenersExceededWarning: Possible EventEmitter memory leak detected. 11 error listeners added to [ReadStream]. MaxListeners is 10. Use emitter.setMaxListeners() to increase limit
deploy	Upload to BunnyCDN	2026-01-18T04:05:15.5084303Z ##[warning]Uploading failed with network or cors error. Attempt number 3. Retrying...
deploy	Upload to BunnyCDN	2026-01-18T04:05:15.5129463Z (node:2089) MaxListenersExceededWarning: Possible EventEmitter memory leak detected. 11 error listeners added to [ReadStream]. MaxListeners is 10. Use emitter.setMaxListeners() to increase limit
deploy	Upload to BunnyCDN	2026-01-18T04:05:15.5131853Z ##[warning]Uploading failed with network or cors error. Attempt number 3. Retrying...
deploy	Upload to BunnyCDN	2026-01-18T04:05:15.5285918Z ##[warning]Uploading schema.json has failed width the status code 401. Attempt number 3. Retrying...
deploy	Upload to BunnyCDN	2026-01-18T04:05:15.5290858Z ##[warning]Uploading robots.txt has failed width the status code 401. Attempt number 3. Retrying...
deploy	Upload to BunnyCDN	2026-01-18T04:05:15.5342895Z ##[warning]Uploading services/supply-and-install/index.html has failed width the status code 401. Attempt number 3. Retrying...
deploy	Upload to BunnyCDN	2026-01-18T04:05:15.5488742Z ##[warning]Uploading services/supply-only/index.html has failed width the status code 401. Attempt number 3. Retrying...
deploy	Upload to BunnyCDN	2026-01-18T04:05:15.5554948Z ##[warning]Uploading services/garden-design-consult/index.html has failed width the status code 401. Attempt number 3. Retrying...
deploy	Upload to BunnyCDN	2026-01-18T04:05:15.5811764Z ##[warning]Uploading images/presale.webp has failed width the status code 401. Attempt number 2. Retrying...
deploy	Upload to BunnyCDN	2026-01-18T04:05:15.5897788Z ##[warning]Uploading locations/rye/index.html has failed width the status code 401. Attempt number 3. Retrying...
deploy	Upload to BunnyCDN	2026-01-18T04:05:15.6397279Z (node:2089) MaxListenersExceededWarning: Possible EventEmitter memory leak detected. 11 error listeners added to [ReadStream]. MaxListeners is 10. Use emitter.setMaxListeners() to increase limit
deploy	Upload to BunnyCDN	2026-01-18T04:05:15.6432194Z (node:2089) MaxListenersExceededWarning: Possible EventEmitter memory leak detected. 11 error listeners added to [ReadStream]. MaxListeners is 10. Use emitter.setMaxListeners() to increase limit
deploy	Upload to BunnyCDN	2026-01-18T04:05:15.6507920Z (node:2089) MaxListenersExceededWarning: Possible EventEmitter memory leak detected. 11 error listeners added to [ReadStream]. MaxListeners is 10. Use emitter.setMaxListeners() to increase limit
deploy	Upload to BunnyCDN	2026-01-18T04:05:15.6532853Z (node:2089) MaxListenersExceededWarning: Possible EventEmitter memory leak detected. 11 error listeners added to [ReadStream]. MaxListeners is 10. Use emitter.setMaxListeners() to increase limit
deploy	Upload to BunnyCDN	2026-01-18T04:05:15.6688317Z (node:2089) MaxListenersExceededWarning: Possible EventEmitter memory leak detected. 11 error listeners added to [ReadStream]. MaxListeners is 10. Use emitter.setMaxListeners() to increase limit
deploy	Upload to BunnyCDN	2026-01-18T04:05:15.6712829Z (node:2089) MaxListenersExceededWarning: Possible EventEmitter memory leak detected. 11 error listeners added to [ReadStream]. MaxListeners is 10. Use emitter.setMaxListeners() to increase limit
deploy	Upload to BunnyCDN	2026-01-18T04:05:15.6838339Z (node:2089) MaxListenersExceededWarning: Possible EventEmitter memory leak detected. 11 error listeners added to [ReadStream]. MaxListeners is 10. Use emitter.setMaxListeners() to increase limit
deploy	Upload to BunnyCDN	2026-01-18T04:05:15.7579833Z (node:2089) MaxListenersExceededWarning: Possible EventEmitter memory leak detected. 11 error listeners added to [ReadStream]. MaxListeners is 10. Use emitter.setMaxListeners() to increase limit
deploy	Upload to BunnyCDN	2026-01-18T04:05:15.7724651Z (node:2089) MaxListenersExceededWarning: Possible EventEmitter memory leak detected. 11 error listeners added to [ReadStream]. MaxListeners is 10. Use emitter.setMaxListeners() to increase limit
deploy	Upload to BunnyCDN	2026-01-18T04:05:15.7739954Z (node:2089) MaxListenersExceededWarning: Possible EventEmitter memory leak detected. 11 error listeners added to [ReadStream]. MaxListeners is 10. Use emitter.setMaxListeners() to increase limit
deploy	Upload to BunnyCDN	2026-01-18T04:05:15.7912129Z ##[warning]Uploading images/hero.webp has failed width the status code 401. Attempt number 3. Retrying...
deploy	Upload to BunnyCDN	2026-01-18T04:05:15.7932413Z ##[warning]Uploading images/decks.webp has failed width the status code 401. Attempt number 3. Retrying...
deploy	Upload to BunnyCDN	2026-01-18T04:05:15.8020099Z ##[warning]Uploading images/install.webp has failed width the status code 401. Attempt number 3. Retrying...
deploy	Upload to BunnyCDN	2026-01-18T04:05:15.8086072Z ##[warning]Uploading images/rental.webp has failed width the status code 401. Attempt number 3. Retrying...
deploy	Upload to BunnyCDN	2026-01-18T04:05:15.8195767Z ##[warning]Uploading images/handyman.webp has failed width the status code 401. Attempt number 3. Retrying...
deploy	Upload to BunnyCDN	2026-01-18T04:05:15.8222754Z ##[warning]Uploading images/supply_only.webp has failed width the status code 401. Attempt number 3. Retrying...
deploy	Upload to BunnyCDN	2026-01-18T04:05:15.8338367Z ##[warning]Uploading _astro/index.DBXT6jA7.css has failed width the status code 401. Attempt number 3. Retrying...
deploy	Upload to BunnyCDN	2026-01-18T04:05:15.8351680Z (node:2089) MaxListenersExceededWarning: Possible EventEmitter memory leak detected. 11 error listeners added to [ReadStream]. MaxListeners is 10. Use emitter.setMaxListeners() to increase limit
deploy	Upload to BunnyCDN	2026-01-18T04:05:15.8814019Z ##[warning]Uploading services/custom-curved-edging/index.html has failed width the status code 401. Attempt number 3. Retrying...
deploy	Upload to BunnyCDN	2026-01-18T04:05:15.8834279Z ##[warning]Uploading locations/sorrento/index.html has failed width the status code 401. Attempt number 3. Retrying...
deploy	Upload to BunnyCDN	2026-01-18T04:05:15.8983582Z ##[warning]Uploading locations/rosebud/index.html has failed width the status code 401. Attempt number 3. Retrying...
deploy	Upload to BunnyCDN	2026-01-18T04:05:15.9232133Z ##[warning]Uploading locations/mt-eliza/index.html has failed width the status code 401. Attempt number 3. Retrying...
deploy	Upload to BunnyCDN	2026-01-18T04:05:15.9382550Z ##[warning]Uploading privacy-policy/index.html has failed width the status code 401. Attempt number 3. Retrying...
deploy	Upload to BunnyCDN	2026-01-18T04:05:15.9423344Z ##[warning]Uploading locations/portsea/index.html has failed width the status code 401. Attempt number 3. Retrying...
deploy	Upload to BunnyCDN	2026-01-18T04:05:15.9492129Z ##[warning]Uploading locations/balnarring/index.html has failed width the status code 401. Attempt number 3. Retrying...
deploy	Upload to BunnyCDN	2026-01-18T04:05:15.9817251Z (node:2089) MaxListenersExceededWarning: Possible EventEmitter memory leak detected. 11 error listeners added to [ReadStream]. MaxListeners is 10. Use emitter.setMaxListeners() to increase limit
deploy	Upload to BunnyCDN	2026-01-18T04:05:15.9853060Z ##[warning]Uploading index.html has failed width the status code 401. Attempt number 3. Retrying...
deploy	Upload to BunnyCDN	2026-01-18T04:05:16.1123662Z (node:2089) MaxListenersExceededWarning: Possible EventEmitter memory leak detected. 11 close listeners added to [ReadStream]. MaxListeners is 10. Use emitter.setMaxListeners() to increase limit
deploy	Upload to BunnyCDN	2026-01-18T04:05:16.1126573Z (node:2089) MaxListenersExceededWarning: Possible EventEmitter memory leak detected. 11 end listeners added to [ReadStream]. MaxListeners is 10. Use emitter.setMaxListeners() to increase limit
deploy	Upload to BunnyCDN	2026-01-18T04:05:16.1129567Z ##[warning]Uploading failed with network or cors error. Attempt number 4. Retrying...
deploy	Upload to BunnyCDN	2026-01-18T04:05:16.1363361Z (node:2089) MaxListenersExceededWarning: Possible EventEmitter memory leak detected. 11 close listeners added to [ReadStream]. MaxListeners is 10. Use emitter.setMaxListeners() to increase limit
deploy	Upload to BunnyCDN	2026-01-18T04:05:16.1366328Z (node:2089) MaxListenersExceededWarning: Possible EventEmitter memory leak detected. 11 end listeners added to [ReadStream]. MaxListeners is 10. Use emitter.setMaxListeners() to increase limit
deploy	Upload to BunnyCDN	2026-01-18T04:05:16.1368900Z ##[warning]Uploading failed with network or cors error. Attempt number 4. Retrying...
deploy	Upload to BunnyCDN	2026-01-18T04:05:16.1377150Z ##[warning]Uploading images/presale.webp has failed width the status code 401. Attempt number 3. Retrying...
deploy	Upload to BunnyCDN	2026-01-18T04:05:16.1412574Z (node:2089) MaxListenersExceededWarning: Possible EventEmitter memory leak detected. 11 close listeners added to [ReadStream]. MaxListeners is 10. Use emitter.setMaxListeners() to increase limit
deploy	Upload to BunnyCDN	2026-01-18T04:05:16.1414861Z (node:2089) MaxListenersExceededWarning: Possible EventEmitter memory leak detected. 11 end listeners added to [ReadStream]. MaxListeners is 10. Use emitter.setMaxListeners() to increase limit
deploy	Upload to BunnyCDN	2026-01-18T04:05:16.1417759Z ##[warning]Uploading failed with network or cors error. Attempt number 4. Retrying...
deploy	Upload to BunnyCDN	2026-01-18T04:05:16.1956411Z (node:2089) MaxListenersExceededWarning: Possible EventEmitter memory leak detected. 11 close listeners added to [ReadStream]. MaxListeners is 10. Use emitter.setMaxListeners() to increase limit
deploy	Upload to BunnyCDN	2026-01-18T04:05:16.1958764Z (node:2089) MaxListenersExceededWarning: Possible EventEmitter memory leak detected. 11 end listeners added to [ReadStream]. MaxListeners is 10. Use emitter.setMaxListeners() to increase limit
deploy	Upload to BunnyCDN	2026-01-18T04:05:16.1960708Z ##[warning]Uploading failed with network or cors error. Attempt number 4. Retrying...
deploy	Upload to BunnyCDN	2026-01-18T04:05:16.2109753Z ##[warning]Uploading locations/dromana/index.html has failed width the status code 401. Attempt number 3. Retrying...
deploy	Upload to BunnyCDN	2026-01-18T04:05:16.2270829Z ##[warning]Uploading locations/flinders/index.html has failed width the status code 401. Attempt number 3. Retrying...
deploy	Upload to BunnyCDN	2026-01-18T04:05:16.2858171Z (node:2089) MaxListenersExceededWarning: Possible EventEmitter memory leak detected. 11 close listeners added to [ReadStream]. MaxListeners is 10. Use emitter.setMaxListeners() to increase limit
deploy	Upload to BunnyCDN	2026-01-18T04:05:16.2860832Z (node:2089) MaxListenersExceededWarning: Possible EventEmitter memory leak detected. 11 end listeners added to [ReadStream]. MaxListeners is 10. Use emitter.setMaxListeners() to increase limit
deploy	Upload to BunnyCDN	2026-01-18T04:05:16.2862334Z ##[warning]Uploading failed with network or cors error. Attempt number 4. Retrying...
deploy	Upload to BunnyCDN	2026-01-18T04:05:16.2915993Z (node:2089) MaxListenersExceededWarning: Possible EventEmitter memory leak detected. 11 close listeners added to [ReadStream]. MaxListeners is 10. Use emitter.setMaxListeners() to increase limit
deploy	Upload to BunnyCDN	2026-01-18T04:05:16.3024266Z ##[warning]Uploading locations/mornington/index.html has failed width the status code 401. Attempt number 3. Retrying...
deploy	Upload to BunnyCDN	2026-01-18T04:05:16.3037850Z (node:2089) MaxListenersExceededWarning: Possible EventEmitter memory leak detected. 11 close listeners added to [ReadStream]. MaxListeners is 10. Use emitter.setMaxListeners() to increase limit
deploy	Upload to BunnyCDN	2026-01-18T04:05:16.3040225Z (node:2089) MaxListenersExceededWarning: Possible EventEmitter memory leak detected. 11 end listeners added to [ReadStream]. MaxListeners is 10. Use emitter.setMaxListeners() to increase limit
deploy	Upload to BunnyCDN	2026-01-18T04:05:16.3041660Z ##[warning]Uploading failed with network or cors error. Attempt number 4. Retrying...
deploy	Upload to BunnyCDN	2026-01-18T04:05:16.3075307Z (node:2089) MaxListenersExceededWarning: Possible EventEmitter memory leak detected. 11 close listeners added to [ReadStream]. MaxListeners is 10. Use emitter.setMaxListeners() to increase limit
deploy	Upload to BunnyCDN	2026-01-18T04:05:16.3077972Z (node:2089) MaxListenersExceededWarning: Possible EventEmitter memory leak detected. 11 end listeners added to [ReadStream]. MaxListeners is 10. Use emitter.setMaxListeners() to increase limit
deploy	Upload to BunnyCDN	2026-01-18T04:05:16.3080591Z ##[warning]Uploading failed with network or cors error. Attempt number 4. Retrying...
deploy	Upload to BunnyCDN	2026-01-18T04:05:16.3082958Z (node:2089) MaxListenersExceededWarning: Possible EventEmitter memory leak detected. 11 close listeners added to [ReadStream]. MaxListeners is 10. Use emitter.setMaxListeners() to increase limit
deploy	Upload to BunnyCDN	2026-01-18T04:05:16.3085110Z (node:2089) MaxListenersExceededWarning: Possible EventEmitter memory leak detected. 11 end listeners added to [ReadStream]. MaxListeners is 10. Use emitter.setMaxListeners() to increase limit
deploy	Upload to BunnyCDN	2026-01-18T04:05:16.3086555Z ##[warning]Uploading failed with network or cors error. Attempt number 4. Retrying...
deploy	Upload to BunnyCDN	2026-01-18T04:05:16.3140061Z (node:2089) MaxListenersExceededWarning: Possible EventEmitter memory leak detected. 11 close listeners added to [ReadStream]. MaxListeners is 10. Use emitter.setMaxListeners() to increase limit
deploy	Upload to BunnyCDN	2026-01-18T04:05:16.3142371Z (node:2089) MaxListenersExceededWarning: Possible EventEmitter memory leak detected. 11 end listeners added to [ReadStream]. MaxListeners is 10. Use emitter.setMaxListeners() to increase limit
deploy	Upload to BunnyCDN	2026-01-18T04:05:16.3143791Z ##[warning]Uploading failed with network or cors error. Attempt number 4. Retrying...
deploy	Upload to BunnyCDN	2026-01-18T04:05:16.3287169Z (node:2089) MaxListenersExceededWarning: Possible EventEmitter memory leak detected. 11 close listeners added to [ReadStream]. MaxListeners is 10. Use emitter.setMaxListeners() to increase limit
deploy	Upload to BunnyCDN	2026-01-18T04:05:16.3291711Z (node:2089) MaxListenersExceededWarning: Possible EventEmitter memory leak detected. 11 close listeners added to [ReadStream]. MaxListeners is 10. Use emitter.setMaxListeners() to increase limit
deploy	Upload to BunnyCDN	2026-01-18T04:05:16.3348211Z (node:2089) MaxListenersExceededWarning: Possible EventEmitter memory leak detected. 11 close listeners added to [ReadStream]. MaxListeners is 10. Use emitter.setMaxListeners() to increase limit
deploy	Upload to BunnyCDN	2026-01-18T04:05:16.3493518Z (node:2089) MaxListenersExceededWarning: Possible EventEmitter memory leak detected. 11 close listeners added to [ReadStream]. MaxListeners is 10. Use emitter.setMaxListeners() to increase limit
deploy	Upload to BunnyCDN	2026-01-18T04:05:16.3559841Z (node:2089) MaxListenersExceededWarning: Possible EventEmitter memory leak detected. 11 close listeners added to [ReadStream]. MaxListeners is 10. Use emitter.setMaxListeners() to increase limit
deploy	Upload to BunnyCDN	2026-01-18T04:05:16.3896041Z (node:2089) MaxListenersExceededWarning: Possible EventEmitter memory leak detected. 11 close listeners added to [ReadStream]. MaxListeners is 10. Use emitter.setMaxListeners() to increase limit
deploy	Upload to BunnyCDN	2026-01-18T04:05:16.4426383Z ##[warning]Uploading favicon.svg has failed width the status code 401. Attempt number 4. Retrying...
deploy	Upload to BunnyCDN	2026-01-18T04:05:16.4792815Z ##[warning]Uploading robots.txt has failed width the status code 401. Attempt number 4. Retrying...
deploy	Upload to BunnyCDN	2026-01-18T04:05:16.4810072Z ##[warning]Uploading schema.json has failed width the status code 401. Attempt number 4. Retrying...
deploy	Upload to BunnyCDN	2026-01-18T04:05:16.4863057Z ##[warning]Uploading services/supply-and-install/index.html has failed width the status code 401. Attempt number 4. Retrying...
deploy	Upload to BunnyCDN	2026-01-18T04:05:16.5054595Z ##[warning]Uploading services/supply-only/index.html has failed width the status code 401. Attempt number 4. Retrying...
deploy	Upload to BunnyCDN	2026-01-18T04:05:16.5069390Z ##[warning]Uploading services/garden-design-consult/index.html has failed width the status code 401. Attempt number 4. Retrying...
deploy	Upload to BunnyCDN	2026-01-18T04:05:16.5400360Z ##[warning]Uploading locations/rye/index.html has failed width the status code 401. Attempt number 4. Retrying...
deploy	Upload to BunnyCDN	2026-01-18T04:05:16.5919948Z (node:2089) MaxListenersExceededWarning: Possible EventEmitter memory leak detected. 11 close listeners added to [ReadStream]. MaxListeners is 10. Use emitter.setMaxListeners() to increase limit
deploy	Upload to BunnyCDN	2026-01-18T04:05:16.5937686Z (node:2089) MaxListenersExceededWarning: Possible EventEmitter memory leak detected. 11 close listeners added to [ReadStream]. MaxListeners is 10. Use emitter.setMaxListeners() to increase limit
deploy	Upload to BunnyCDN	2026-01-18T04:05:16.6024004Z (node:2089) MaxListenersExceededWarning: Possible EventEmitter memory leak detected. 11 close listeners added to [ReadStream]. MaxListeners is 10. Use emitter.setMaxListeners() to increase limit
deploy	Upload to BunnyCDN	2026-01-18T04:05:16.6090196Z (node:2089) MaxListenersExceededWarning: Possible EventEmitter memory leak detected. 11 close listeners added to [ReadStream]. MaxListeners is 10. Use emitter.setMaxListeners() to increase limit
deploy	Upload to BunnyCDN	2026-01-18T04:05:16.6196399Z (node:2089) MaxListenersExceededWarning: Possible EventEmitter memory leak detected. 11 close listeners added to [ReadStream]. MaxListeners is 10. Use emitter.setMaxListeners() to increase limit
deploy	Upload to BunnyCDN	2026-01-18T04:05:16.6233048Z (node:2089) MaxListenersExceededWarning: Possible EventEmitter memory leak detected. 11 close listeners added to [ReadStream]. MaxListeners is 10. Use emitter.setMaxListeners() to increase limit
deploy	Upload to BunnyCDN	2026-01-18T04:05:16.6339363Z (node:2089) MaxListenersExceededWarning: Possible EventEmitter memory leak detected. 11 close listeners added to [ReadStream]. MaxListeners is 10. Use emitter.setMaxListeners() to increase limit
deploy	Upload to BunnyCDN	2026-01-18T04:05:16.6815909Z (node:2089) MaxListenersExceededWarning: Possible EventEmitter memory leak detected. 11 close listeners added to [ReadStream]. MaxListeners is 10. Use emitter.setMaxListeners() to increase limit
deploy	Upload to BunnyCDN	2026-01-18T04:05:16.6850448Z (node:2089) MaxListenersExceededWarning: Possible EventEmitter memory leak detected. 11 close listeners added to [ReadStream]. MaxListeners is 10. Use emitter.setMaxListeners() to increase limit
deploy	Upload to BunnyCDN	2026-01-18T04:05:16.6997848Z (node:2089) MaxListenersExceededWarning: Possible EventEmitter memory leak detected. 11 close listeners added to [ReadStream]. MaxListeners is 10. Use emitter.setMaxListeners() to increase limit
deploy	Upload to BunnyCDN	2026-01-18T04:05:16.7243873Z (node:2089) MaxListenersExceededWarning: Possible EventEmitter memory leak detected. 11 close listeners added to [ReadStream]. MaxListeners is 10. Use emitter.setMaxListeners() to increase limit
deploy	Upload to BunnyCDN	2026-01-18T04:05:16.7399265Z (node:2089) MaxListenersExceededWarning: Possible EventEmitter memory leak detected. 11 close listeners added to [ReadStream]. MaxListeners is 10. Use emitter.setMaxListeners() to increase limit
deploy	Upload to BunnyCDN	2026-01-18T04:05:16.7419893Z ##[warning]Uploading images/hero.webp has failed width the status code 401. Attempt number 4. Retrying...
deploy	Upload to BunnyCDN	2026-01-18T04:05:16.7422827Z (node:2089) MaxListenersExceededWarning: Possible EventEmitter memory leak detected. 11 close listeners added to [ReadStream]. MaxListeners is 10. Use emitter.setMaxListeners() to increase limit
deploy	Upload to BunnyCDN	2026-01-18T04:05:16.7449235Z ##[warning]Uploading images/decks.webp has failed width the status code 401. Attempt number 4. Retrying...
deploy	Upload to BunnyCDN	2026-01-18T04:05:16.7493157Z (node:2089) MaxListenersExceededWarning: Possible EventEmitter memory leak detected. 11 close listeners added to [ReadStream]. MaxListeners is 10. Use emitter.setMaxListeners() to increase limit
deploy	Upload to BunnyCDN	2026-01-18T04:05:16.7579526Z ##[warning]Uploading images/install.webp has failed width the status code 401. Attempt number 4. Retrying...
deploy	Upload to BunnyCDN	2026-01-18T04:05:16.7601664Z ##[warning]Uploading images/rental.webp has failed width the status code 401. Attempt number 4. Retrying...
deploy	Upload to BunnyCDN	2026-01-18T04:05:16.7718438Z ##[warning]Uploading images/handyman.webp has failed width the status code 401. Attempt number 4. Retrying...
deploy	Upload to BunnyCDN	2026-01-18T04:05:16.7729013Z ##[warning]Uploading images/supply_only.webp has failed width the status code 401. Attempt number 4. Retrying...
deploy	Upload to BunnyCDN	2026-01-18T04:05:16.7842247Z ##[warning]Uploading _astro/index.DBXT6jA7.css has failed width the status code 401. Attempt number 4. Retrying...
deploy	Upload to BunnyCDN	2026-01-18T04:05:16.7855389Z (node:2089) MaxListenersExceededWarning: Possible EventEmitter memory leak detected. 11 close listeners added to [ReadStream]. MaxListeners is 10. Use emitter.setMaxListeners() to increase limit
deploy	Upload to BunnyCDN	2026-01-18T04:05:16.8324307Z ##[warning]Uploading services/custom-curved-edging/index.html has failed width the status code 401. Attempt number 4. Retrying...
deploy	Upload to BunnyCDN	2026-01-18T04:05:16.8926988Z ##[warning]Uploading locations/portsea/index.html has failed width the status code 401. Attempt number 4. Retrying...
deploy	Upload to BunnyCDN	2026-01-18T04:05:16.9002931Z ##[warning]Uploading locations/balnarring/index.html has failed width the status code 401. Attempt number 4. Retrying...
deploy	Upload to BunnyCDN	2026-01-18T04:05:16.9360910Z ##[warning]Uploading index.html has failed width the status code 401. Attempt number 4. Retrying...
deploy	Upload to BunnyCDN	2026-01-18T04:05:16.9375263Z (node:2089) MaxListenersExceededWarning: Possible EventEmitter memory leak detected. 11 close listeners added to [ReadStream]. MaxListeners is 10. Use emitter.setMaxListeners() to increase limit
deploy	Upload to BunnyCDN	2026-01-18T04:05:17.0121101Z (node:2089) MaxListenersExceededWarning: Possible EventEmitter memory leak detected. 11 close listeners added to [ReadStream]. MaxListeners is 10. Use emitter.setMaxListeners() to increase limit
deploy	Upload to BunnyCDN	2026-01-18T04:05:17.0278079Z (node:2089) MaxListenersExceededWarning: Possible EventEmitter memory leak detected. 11 close listeners added to [ReadStream]. MaxListeners is 10. Use emitter.setMaxListeners() to increase limit
deploy	Upload to BunnyCDN	2026-01-18T04:05:17.0900751Z ##[warning]Uploading images/presale.webp has failed width the status code 401. Attempt number 4. Retrying...
deploy	Upload to BunnyCDN	2026-01-18T04:05:17.1026054Z (node:2089) MaxListenersExceededWarning: Possible EventEmitter memory leak detected. 11 close listeners added to [ReadStream]. MaxListeners is 10. Use emitter.setMaxListeners() to increase limit
deploy	Upload to BunnyCDN	2026-01-18T04:05:17.1399587Z ##[warning]Uploading locations/sorrento/index.html has failed width the status code 401. Attempt number 4. Retrying...
deploy	Upload to BunnyCDN	2026-01-18T04:05:17.1498284Z ##[warning]Uploading locations/rosebud/index.html has failed width the status code 401. Attempt number 4. Retrying...
deploy	Upload to BunnyCDN	2026-01-18T04:05:17.1649786Z ##[warning]Uploading locations/dromana/index.html has failed width the status code 401. Attempt number 4. Retrying...
deploy	Upload to BunnyCDN	2026-01-18T04:05:17.1778245Z ##[warning]Uploading locations/flinders/index.html has failed width the status code 401. Attempt number 4. Retrying...
deploy	Upload to BunnyCDN	2026-01-18T04:05:17.1815524Z ##[warning]Uploading locations/mt-eliza/index.html has failed width the status code 401. Attempt number 4. Retrying...
deploy	Upload to BunnyCDN	2026-01-18T04:05:17.2161145Z ##[warning]Uploading privacy-policy/index.html has failed width the status code 401. Attempt number 4. Retrying...
deploy	Upload to BunnyCDN	2026-01-18T04:05:17.2542272Z ##[warning]Uploading locations/mornington/index.html has failed width the status code 401. Attempt number 4. Retrying...
deploy	Upload to BunnyCDN	2026-01-18T04:05:17.7136677Z ##[warning]Uploading failed with network or cors error. Attempt number 5. Retrying...
deploy	Upload to BunnyCDN	2026-01-18T04:05:17.7150977Z /home/runner/work/_actions/ayeressian/bunnycdn-storage-deploy/v2.2.5/dist/index.js:4894
deploy	Upload to BunnyCDN	2026-01-18T04:05:17.7151932Z             throw new Error(`Uploading failed with network or cors error.`);
deploy	Upload to BunnyCDN	2026-01-18T04:05:17.7152520Z                   ^
deploy	Upload to BunnyCDN	2026-01-18T04:05:17.7152711Z 
deploy	Upload to BunnyCDN	2026-01-18T04:05:17.7152894Z Error: Uploading failed with network or cors error.
deploy	Upload to BunnyCDN	2026-01-18T04:05:17.7153701Z     at /home/runner/work/_actions/ayeressian/bunnycdn-storage-deploy/v2.2.5/dist/index.js:4894:19
deploy	Upload to BunnyCDN	2026-01-18T04:05:17.7154708Z     at process.processTicksAndRejections (node:internal/process/task_queues:95:5)
deploy	Upload to BunnyCDN	2026-01-18T04:05:17.7155739Z     at async /home/runner/work/_actions/ayeressian/bunnycdn-storage-deploy/v2.2.5/dist/index.js:12942:36
deploy	Upload to BunnyCDN	2026-01-18T04:05:17.7156171Z 
deploy	Upload to BunnyCDN	2026-01-18T04:05:17.7156246Z Node.js v20.19.6
deploy	Post Run actions/checkout@v3	﻿2026-01-18T04:05:17.7324083Z Post job cleanup.
deploy	Post Run actions/checkout@v3	2026-01-18T04:05:17.8029155Z [command]/usr/bin/git version
deploy	Post Run actions/checkout@v3	2026-01-18T04:05:17.8063174Z git version 2.52.0
deploy	Post Run actions/checkout@v3	2026-01-18T04:05:17.8106678Z Temporarily overriding HOME='/home/runner/work/_temp/89340f2d-7de2-4e48-9e97-1caae51d1168' before making global git config changes
deploy	Post Run actions/checkout@v3	2026-01-18T04:05:17.8108248Z Adding repository directory to the temporary git global config as a safe directory
deploy	Post Run actions/checkout@v3	2026-01-18T04:05:17.8111635Z [command]/usr/bin/git config --global --add safe.directory /home/runner/work/mr-home-assist/mr-home-assist
deploy	Post Run actions/checkout@v3	2026-01-18T04:05:17.8142123Z [command]/usr/bin/git config --local --name-only --get-regexp core\.sshCommand
deploy	Post Run actions/checkout@v3	2026-01-18T04:05:17.8171872Z [command]/usr/bin/git submodule foreach --recursive sh -c "git config --local --name-only --get-regexp 'core\.sshCommand' && git config --local --unset-all 'core.sshCommand' || :"
deploy	Post Run actions/checkout@v3	2026-01-18T04:05:17.8391910Z [command]/usr/bin/git config --local --name-only --get-regexp http\.https\:\/\/github\.com\/\.extraheader
deploy	Post Run actions/checkout@v3	2026-01-18T04:05:17.8411357Z http.https://github.com/.extraheader
deploy	Post Run actions/checkout@v3	2026-01-18T04:05:17.8422119Z [command]/usr/bin/git config --local --unset-all http.https://github.com/.extraheader
deploy	Post Run actions/checkout@v3	2026-01-18T04:05:17.8449343Z [command]/usr/bin/git submodule foreach --recursive sh -c "git config --local --name-only --get-regexp 'http\.https\:\/\/github\.com\/\.extraheader' && git config --local --unset-all 'http.https://github.com/.extraheader' || :"
deploy	Complete job	﻿2026-01-18T04:05:17.8760943Z Cleaning up orphan processes
